{"/home/codio/workspace/backend/backendapi/app.js": {"path":"/home/codio/workspace/backend/backendapi/app.js","statementMap":{"0":{"start":{"line":1,"column":12},"end":{"line":1,"column":26}},"1":{"start":{"line":3,"column":12},"end":{"line":3,"column":21}},"2":{"start":{"line":4,"column":13},"end":{"line":4,"column":33}},"3":{"start":{"line":5,"column":16},"end":{"line":5,"column":46}},"4":{"start":{"line":6,"column":14},"end":{"line":6,"column":42}},"5":{"start":{"line":7,"column":14},"end":{"line":7,"column":42}},"6":{"start":{"line":8,"column":16},"end":{"line":8,"column":46}},"7":{"start":{"line":9,"column":16},"end":{"line":9,"column":46}},"8":{"start":{"line":11,"column":0},"end":{"line":15,"column":4}},"9":{"start":{"line":16,"column":0},"end":{"line":16,"column":26}},"10":{"start":{"line":17,"column":0},"end":{"line":17,"column":24}},"11":{"start":{"line":18,"column":0},"end":{"line":18,"column":24}},"12":{"start":{"line":19,"column":0},"end":{"line":19,"column":26}},"13":{"start":{"line":20,"column":0},"end":{"line":20,"column":26}},"14":{"start":{"line":23,"column":11},"end":{"line":23,"column":35}},"15":{"start":{"line":26,"column":0},"end":{"line":26,"column":21}}},"fnMap":{},"branchMap":{"0":{"loc":{"start":{"line":23,"column":11},"end":{"line":23,"column":35}},"type":"binary-expr","locations":[{"start":{"line":23,"column":11},"end":{"line":23,"column":27}},{"start":{"line":23,"column":31},"end":{"line":23,"column":35}}],"line":23}},"s":{"0":4,"1":4,"2":4,"3":4,"4":4,"5":4,"6":4,"7":4,"8":4,"9":4,"10":4,"11":4,"12":4,"13":4,"14":4,"15":4},"f":{},"b":{"0":[4,4]},"_coverageSchema":"1a1c01bbd47fc00a2c39e90264f33305004495a9","hash":"c8dce054f445ccdcdb996a9a4b16d5d2e7e6fa94"}
,"/home/codio/workspace/backend/backendapi/config.js": {"path":"/home/codio/workspace/backend/backendapi/config.js","statementMap":{"0":{"start":{"line":3,"column":0},"end":{"line":10,"column":1}}},"fnMap":{},"branchMap":{"0":{"loc":{"start":{"line":4,"column":8},"end":{"line":4,"column":42}},"type":"binary-expr","locations":[{"start":{"line":4,"column":8},"end":{"line":4,"column":27}},{"start":{"line":4,"column":31},"end":{"line":4,"column":42}}],"line":4},"1":{"loc":{"start":{"line":5,"column":8},"end":{"line":5,"column":35}},"type":"binary-expr","locations":[{"start":{"line":5,"column":8},"end":{"line":5,"column":27}},{"start":{"line":5,"column":31},"end":{"line":5,"column":35}}],"line":5},"2":{"loc":{"start":{"line":6,"column":8},"end":{"line":6,"column":37}},"type":"binary-expr","locations":[{"start":{"line":6,"column":8},"end":{"line":6,"column":27}},{"start":{"line":6,"column":31},"end":{"line":6,"column":37}}],"line":6},"3":{"loc":{"start":{"line":7,"column":12},"end":{"line":7,"column":46}},"type":"binary-expr","locations":[{"start":{"line":7,"column":12},"end":{"line":7,"column":35}},{"start":{"line":7,"column":39},"end":{"line":7,"column":46}}],"line":7},"4":{"loc":{"start":{"line":8,"column":12},"end":{"line":8,"column":49}},"type":"binary-expr","locations":[{"start":{"line":8,"column":12},"end":{"line":8,"column":35}},{"start":{"line":8,"column":39},"end":{"line":8,"column":49}}],"line":8}},"s":{"0":4},"f":{},"b":{"0":[4,4],"1":[4,4],"2":[4,4],"3":[4,4],"4":[4,0]},"_coverageSchema":"1a1c01bbd47fc00a2c39e90264f33305004495a9","hash":"d510673cd0f447e02021daead8e078afaece95a6"}
,"/home/codio/workspace/backend/backendapi/controllers/auth.js": {"path":"/home/codio/workspace/backend/backendapi/controllers/auth.js","statementMap":{"0":{"start":{"line":1,"column":17},"end":{"line":1,"column":40}},"1":{"start":{"line":2,"column":18},"end":{"line":2,"column":48}},"2":{"start":{"line":4,"column":0},"end":{"line":4,"column":24}},"3":{"start":{"line":6,"column":0},"end":{"line":6,"column":67}}},"fnMap":{},"branchMap":{},"s":{"0":4,"1":4,"2":4,"3":4},"f":{},"b":{},"_coverageSchema":"1a1c01bbd47fc00a2c39e90264f33305004495a9","hash":"01d5294970db547b95769fcc646261a48e77de2a"}
,"/home/codio/workspace/backend/backendapi/controllers/validation.js": {"path":"/home/codio/workspace/backend/backendapi/controllers/validation.js","statementMap":{"0":{"start":{"line":1,"column":37},"end":{"line":1,"column":58}},"1":{"start":{"line":2,"column":19},"end":{"line":2,"column":55}},"2":{"start":{"line":3,"column":21},"end":{"line":3,"column":59}},"3":{"start":{"line":4,"column":19},"end":{"line":4,"column":55}},"4":{"start":{"line":5,"column":21},"end":{"line":5,"column":59}},"5":{"start":{"line":6,"column":10},"end":{"line":6,"column":25}},"6":{"start":{"line":8,"column":0},"end":{"line":29,"column":1}},"7":{"start":{"line":10,"column":28},"end":{"line":13,"column":3}},"8":{"start":{"line":15,"column":15},"end":{"line":15,"column":31}},"9":{"start":{"line":17,"column":2},"end":{"line":28,"column":3}},"10":{"start":{"line":18,"column":4},"end":{"line":18,"column":52}},"11":{"start":{"line":19,"column":4},"end":{"line":19,"column":17}},"12":{"start":{"line":21,"column":4},"end":{"line":27,"column":5}},"13":{"start":{"line":22,"column":6},"end":{"line":22,"column":27}},"14":{"start":{"line":23,"column":6},"end":{"line":23,"column":22}},"15":{"start":{"line":24,"column":6},"end":{"line":24,"column":23}},"16":{"start":{"line":26,"column":4},"end":{"line":26,"column":16}},"17":{"start":{"line":31,"column":0},"end":{"line":51,"column":1}},"18":{"start":{"line":32,"column":27},"end":{"line":35,"column":3}},"19":{"start":{"line":37,"column":15},"end":{"line":37,"column":31}},"20":{"start":{"line":38,"column":2},"end":{"line":50,"column":3}},"21":{"start":{"line":39,"column":4},"end":{"line":39,"column":54}},"22":{"start":{"line":40,"column":4},"end":{"line":40,"column":17}},"23":{"start":{"line":42,"column":4},"end":{"line":49,"column":5}},"24":{"start":{"line":43,"column":6},"end":{"line":43,"column":27}},"25":{"start":{"line":44,"column":6},"end":{"line":44,"column":22}},"26":{"start":{"line":45,"column":6},"end":{"line":45,"column":23}},"27":{"start":{"line":47,"column":4},"end":{"line":47,"column":16}},"28":{"start":{"line":53,"column":0},"end":{"line":72,"column":1}},"29":{"start":{"line":54,"column":27},"end":{"line":57,"column":3}},"30":{"start":{"line":59,"column":15},"end":{"line":59,"column":31}},"31":{"start":{"line":60,"column":2},"end":{"line":71,"column":3}},"32":{"start":{"line":61,"column":4},"end":{"line":61,"column":52}},"33":{"start":{"line":62,"column":4},"end":{"line":62,"column":17}},"34":{"start":{"line":64,"column":4},"end":{"line":70,"column":5}},"35":{"start":{"line":65,"column":6},"end":{"line":65,"column":27}},"36":{"start":{"line":66,"column":6},"end":{"line":66,"column":22}},"37":{"start":{"line":67,"column":6},"end":{"line":67,"column":23}},"38":{"start":{"line":69,"column":4},"end":{"line":69,"column":16}},"39":{"start":{"line":73,"column":0},"end":{"line":93,"column":2}},"40":{"start":{"line":74,"column":28},"end":{"line":77,"column":3}},"41":{"start":{"line":79,"column":15},"end":{"line":79,"column":31}},"42":{"start":{"line":81,"column":2},"end":{"line":92,"column":3}},"43":{"start":{"line":82,"column":4},"end":{"line":82,"column":54}},"44":{"start":{"line":83,"column":4},"end":{"line":83,"column":17}},"45":{"start":{"line":85,"column":4},"end":{"line":91,"column":5}},"46":{"start":{"line":86,"column":6},"end":{"line":86,"column":27}},"47":{"start":{"line":87,"column":6},"end":{"line":87,"column":23}},"48":{"start":{"line":88,"column":6},"end":{"line":88,"column":23}},"49":{"start":{"line":90,"column":6},"end":{"line":90,"column":18}}},"fnMap":{"0":{"name":"(anonymous_0)","decl":{"start":{"line":8,"column":26},"end":{"line":8,"column":27}},"loc":{"start":{"line":8,"column":47},"end":{"line":29,"column":1}},"line":8},"1":{"name":"(anonymous_1)","decl":{"start":{"line":31,"column":25},"end":{"line":31,"column":26}},"loc":{"start":{"line":31,"column":45},"end":{"line":51,"column":1}},"line":31},"2":{"name":"(anonymous_2)","decl":{"start":{"line":53,"column":23},"end":{"line":53,"column":24}},"loc":{"start":{"line":53,"column":42},"end":{"line":72,"column":1}},"line":53},"3":{"name":"(anonymous_3)","decl":{"start":{"line":73,"column":25},"end":{"line":73,"column":26}},"loc":{"start":{"line":73,"column":46},"end":{"line":93,"column":1}},"line":73}},"branchMap":{"0":{"loc":{"start":{"line":21,"column":4},"end":{"line":27,"column":5}},"type":"if","locations":[{"start":{"line":21,"column":4},"end":{"line":27,"column":5}},{"start":{"line":25,"column":9},"end":{"line":27,"column":5}}],"line":21},"1":{"loc":{"start":{"line":42,"column":4},"end":{"line":49,"column":5}},"type":"if","locations":[{"start":{"line":42,"column":4},"end":{"line":49,"column":5}},{"start":{"line":46,"column":9},"end":{"line":49,"column":5}}],"line":42},"2":{"loc":{"start":{"line":64,"column":4},"end":{"line":70,"column":5}},"type":"if","locations":[{"start":{"line":64,"column":4},"end":{"line":70,"column":5}},{"start":{"line":68,"column":9},"end":{"line":70,"column":5}}],"line":64},"3":{"loc":{"start":{"line":85,"column":4},"end":{"line":91,"column":5}},"type":"if","locations":[{"start":{"line":85,"column":4},"end":{"line":91,"column":5}},{"start":{"line":89,"column":11},"end":{"line":91,"column":5}}],"line":85}},"s":{"0":4,"1":4,"2":4,"3":4,"4":4,"5":4,"6":4,"7":2,"8":2,"9":2,"10":2,"11":2,"12":0,"13":0,"14":0,"15":0,"16":0,"17":4,"18":5,"19":5,"20":5,"21":5,"22":5,"23":0,"24":0,"25":0,"26":0,"27":0,"28":4,"29":1,"30":1,"31":1,"32":1,"33":1,"34":0,"35":0,"36":0,"37":0,"38":0,"39":4,"40":4,"41":4,"42":4,"43":4,"44":4,"45":0,"46":0,"47":0,"48":0,"49":0},"f":{"0":2,"1":5,"2":1,"3":4},"b":{"0":[0,0],"1":[0,0],"2":[0,0],"3":[0,0]},"_coverageSchema":"1a1c01bbd47fc00a2c39e90264f33305004495a9","hash":"27693ad6fb0fa7d87456d883b3e7dfe9208ca02b"}
,"/home/codio/workspace/backend/backendapi/helpers/database.js": {"path":"/home/codio/workspace/backend/backendapi/helpers/database.js","statementMap":{"0":{"start":{"line":1,"column":14},"end":{"line":1,"column":38}},"1":{"start":{"line":2,"column":13},"end":{"line":2,"column":33}},"2":{"start":{"line":6,"column":0},"end":{"line":19,"column":1}},"3":{"start":{"line":7,"column":2},"end":{"line":18,"column":3}},"4":{"start":{"line":8,"column":23},"end":{"line":8,"column":64}},"5":{"start":{"line":9,"column":15},"end":{"line":9,"column":52}},"6":{"start":{"line":10,"column":4},"end":{"line":10,"column":27}},"7":{"start":{"line":11,"column":4},"end":{"line":11,"column":16}},"8":{"start":{"line":16,"column":4},"end":{"line":16,"column":40}},"9":{"start":{"line":17,"column":4},"end":{"line":17,"column":32}}},"fnMap":{"0":{"name":"run_query","decl":{"start":{"line":6,"column":35},"end":{"line":6,"column":44}},"loc":{"start":{"line":6,"column":60},"end":{"line":19,"column":1}},"line":6}},"branchMap":{},"s":{"0":4,"1":4,"2":4,"3":54,"4":54,"5":54,"6":54,"7":54,"8":0,"9":0},"f":{"0":54},"b":{},"_coverageSchema":"1a1c01bbd47fc00a2c39e90264f33305004495a9","hash":"723edcda089e983de11a16e8663de56e0fe455d2"}
,"/home/codio/workspace/backend/backendapi/models/authors.js": {"path":"/home/codio/workspace/backend/backendapi/models/authors.js","statementMap":{"0":{"start":{"line":1,"column":11},"end":{"line":1,"column":41}},"1":{"start":{"line":4,"column":0},"end":{"line":9,"column":1}},"2":{"start":{"line":5,"column":14},"end":{"line":5,"column":50}},"3":{"start":{"line":6,"column":15},"end":{"line":6,"column":19}},"4":{"start":{"line":7,"column":13},"end":{"line":7,"column":46}},"5":{"start":{"line":8,"column":2},"end":{"line":8,"column":14}},"6":{"start":{"line":12,"column":0},"end":{"line":16,"column":1}},"7":{"start":{"line":13,"column":14},"end":{"line":13,"column":38}},"8":{"start":{"line":14,"column":13},"end":{"line":14,"column":38}},"9":{"start":{"line":15,"column":2},"end":{"line":15,"column":14}},"10":{"start":{"line":19,"column":0},"end":{"line":23,"column":1}},"11":{"start":{"line":20,"column":14},"end":{"line":20,"column":41}},"12":{"start":{"line":21,"column":13},"end":{"line":21,"column":46}},"13":{"start":{"line":22,"column":2},"end":{"line":22,"column":14}},"14":{"start":{"line":26,"column":0},"end":{"line":30,"column":1}},"15":{"start":{"line":27,"column":14},"end":{"line":27,"column":49}},"16":{"start":{"line":28,"column":13},"end":{"line":28,"column":52}},"17":{"start":{"line":29,"column":2},"end":{"line":29,"column":14}},"18":{"start":{"line":33,"column":0},"end":{"line":38,"column":1}},"19":{"start":{"line":34,"column":14},"end":{"line":34,"column":48}},"20":{"start":{"line":35,"column":15},"end":{"line":35,"column":19}},"21":{"start":{"line":36,"column":13},"end":{"line":36,"column":46}},"22":{"start":{"line":37,"column":2},"end":{"line":37,"column":14}},"23":{"start":{"line":41,"column":0},"end":{"line":50,"column":1}},"24":{"start":{"line":42,"column":14},"end":{"line":46,"column":3}},"25":{"start":{"line":47,"column":15},"end":{"line":47,"column":23}},"26":{"start":{"line":48,"column":13},"end":{"line":48,"column":46}},"27":{"start":{"line":49,"column":2},"end":{"line":49,"column":14}}},"fnMap":{"0":{"name":"getById","decl":{"start":{"line":4,"column":33},"end":{"line":4,"column":40}},"loc":{"start":{"line":4,"column":45},"end":{"line":9,"column":1}},"line":4},"1":{"name":"getAll","decl":{"start":{"line":12,"column":32},"end":{"line":12,"column":38}},"loc":{"start":{"line":12,"column":59},"end":{"line":16,"column":1}},"line":12},"2":{"name":"add","decl":{"start":{"line":19,"column":29},"end":{"line":19,"column":32}},"loc":{"start":{"line":19,"column":41},"end":{"line":23,"column":1}},"line":19},"3":{"name":"updateAuthor","decl":{"start":{"line":26,"column":32},"end":{"line":26,"column":44}},"loc":{"start":{"line":26,"column":57},"end":{"line":30,"column":1}},"line":26},"4":{"name":"deleteAuthor","decl":{"start":{"line":33,"column":32},"end":{"line":33,"column":44}},"loc":{"start":{"line":33,"column":49},"end":{"line":38,"column":1}},"line":33},"5":{"name":"getAuthorByBookId","decl":{"start":{"line":41,"column":43},"end":{"line":41,"column":60}},"loc":{"start":{"line":41,"column":69},"end":{"line":50,"column":1}},"line":41}},"branchMap":{},"s":{"0":4,"1":4,"2":7,"3":7,"4":7,"5":7,"6":4,"7":0,"8":0,"9":0,"10":4,"11":1,"12":1,"13":1,"14":4,"15":1,"16":1,"17":1,"18":4,"19":1,"20":1,"21":1,"22":1,"23":4,"24":3,"25":3,"26":3,"27":3},"f":{"0":7,"1":0,"2":1,"3":1,"4":1,"5":3},"b":{},"_coverageSchema":"1a1c01bbd47fc00a2c39e90264f33305004495a9","hash":"c8b954858de5c27168d50e0f349396e3f2953beb"}
,"/home/codio/workspace/backend/backendapi/models/books.js": {"path":"/home/codio/workspace/backend/backendapi/models/books.js","statementMap":{"0":{"start":{"line":1,"column":11},"end":{"line":1,"column":41}},"1":{"start":{"line":4,"column":0},"end":{"line":9,"column":1}},"2":{"start":{"line":5,"column":14},"end":{"line":5,"column":52}},"3":{"start":{"line":6,"column":15},"end":{"line":6,"column":19}},"4":{"start":{"line":7,"column":13},"end":{"line":7,"column":46}},"5":{"start":{"line":8,"column":2},"end":{"line":8,"column":14}},"6":{"start":{"line":12,"column":0},"end":{"line":16,"column":1}},"7":{"start":{"line":13,"column":14},"end":{"line":13,"column":36}},"8":{"start":{"line":14,"column":13},"end":{"line":14,"column":38}},"9":{"start":{"line":15,"column":2},"end":{"line":15,"column":14}},"10":{"start":{"line":19,"column":0},"end":{"line":23,"column":1}},"11":{"start":{"line":20,"column":14},"end":{"line":20,"column":39}},"12":{"start":{"line":21,"column":13},"end":{"line":21,"column":44}},"13":{"start":{"line":22,"column":2},"end":{"line":22,"column":14}},"14":{"start":{"line":25,"column":0},"end":{"line":29,"column":1}},"15":{"start":{"line":26,"column":14},"end":{"line":26,"column":51}},"16":{"start":{"line":27,"column":13},"end":{"line":27,"column":49}},"17":{"start":{"line":28,"column":2},"end":{"line":28,"column":14}},"18":{"start":{"line":31,"column":0},"end":{"line":36,"column":1}},"19":{"start":{"line":32,"column":14},"end":{"line":32,"column":50}},"20":{"start":{"line":33,"column":15},"end":{"line":33,"column":19}},"21":{"start":{"line":34,"column":13},"end":{"line":34,"column":45}},"22":{"start":{"line":35,"column":2},"end":{"line":35,"column":14}},"23":{"start":{"line":38,"column":0},"end":{"line":45,"column":1}},"24":{"start":{"line":39,"column":14},"end":{"line":41,"column":3}},"25":{"start":{"line":42,"column":15},"end":{"line":42,"column":25}},"26":{"start":{"line":43,"column":13},"end":{"line":43,"column":46}},"27":{"start":{"line":44,"column":2},"end":{"line":44,"column":14}}},"fnMap":{"0":{"name":"getById","decl":{"start":{"line":4,"column":33},"end":{"line":4,"column":40}},"loc":{"start":{"line":4,"column":46},"end":{"line":9,"column":1}},"line":4},"1":{"name":"getAll","decl":{"start":{"line":12,"column":32},"end":{"line":12,"column":38}},"loc":{"start":{"line":12,"column":60},"end":{"line":16,"column":1}},"line":12},"2":{"name":"add","decl":{"start":{"line":19,"column":29},"end":{"line":19,"column":32}},"loc":{"start":{"line":19,"column":40},"end":{"line":23,"column":1}},"line":19},"3":{"name":"updateBook","decl":{"start":{"line":25,"column":32},"end":{"line":25,"column":42}},"loc":{"start":{"line":25,"column":51},"end":{"line":29,"column":1}},"line":25},"4":{"name":"deleteBook","decl":{"start":{"line":31,"column":32},"end":{"line":31,"column":42}},"loc":{"start":{"line":31,"column":47},"end":{"line":36,"column":1}},"line":31},"5":{"name":"getByAuthorId","decl":{"start":{"line":38,"column":39},"end":{"line":38,"column":52}},"loc":{"start":{"line":38,"column":63},"end":{"line":45,"column":1}},"line":38}},"branchMap":{},"s":{"0":4,"1":4,"2":8,"3":8,"4":8,"5":8,"6":4,"7":0,"8":0,"9":0,"10":4,"11":0,"12":0,"13":0,"14":4,"15":1,"16":1,"17":1,"18":4,"19":1,"20":1,"21":1,"22":1,"23":4,"24":0,"25":0,"26":0,"27":0},"f":{"0":8,"1":0,"2":0,"3":1,"4":1,"5":0},"b":{},"_coverageSchema":"1a1c01bbd47fc00a2c39e90264f33305004495a9","hash":"2dcafc4f60d6d53782835a6c08ac258dbb0f3b51"}
,"/home/codio/workspace/backend/backendapi/models/likes.js": {"path":"/home/codio/workspace/backend/backendapi/models/likes.js","statementMap":{"0":{"start":{"line":1,"column":11},"end":{"line":1,"column":41}},"1":{"start":{"line":4,"column":0},"end":{"line":8,"column":1}},"2":{"start":{"line":5,"column":14},"end":{"line":5,"column":100}},"3":{"start":{"line":6,"column":17},"end":{"line":6,"column":53}},"4":{"start":{"line":7,"column":2},"end":{"line":7,"column":16}},"5":{"start":{"line":11,"column":0},"end":{"line":15,"column":1}},"6":{"start":{"line":12,"column":14},"end":{"line":12,"column":67}},"7":{"start":{"line":13,"column":17},"end":{"line":13,"column":53}},"8":{"start":{"line":14,"column":2},"end":{"line":14,"column":16}},"9":{"start":{"line":18,"column":0},"end":{"line":22,"column":1}},"10":{"start":{"line":19,"column":14},"end":{"line":19,"column":71}},"11":{"start":{"line":20,"column":17},"end":{"line":20,"column":48}},"12":{"start":{"line":21,"column":2},"end":{"line":21,"column":25}}},"fnMap":{"0":{"name":"like","decl":{"start":{"line":4,"column":30},"end":{"line":4,"column":34}},"loc":{"start":{"line":4,"column":45},"end":{"line":8,"column":1}},"line":4},"1":{"name":"dislike","decl":{"start":{"line":11,"column":33},"end":{"line":11,"column":40}},"loc":{"start":{"line":11,"column":51},"end":{"line":15,"column":1}},"line":11},"2":{"name":"count","decl":{"start":{"line":18,"column":31},"end":{"line":18,"column":36}},"loc":{"start":{"line":18,"column":42},"end":{"line":22,"column":1}},"line":18}},"branchMap":{},"s":{"0":4,"1":4,"2":0,"3":0,"4":0,"5":4,"6":0,"7":0,"8":0,"9":4,"10":0,"11":0,"12":0},"f":{"0":0,"1":0,"2":0},"b":{},"_coverageSchema":"1a1c01bbd47fc00a2c39e90264f33305004495a9","hash":"6c90cd10291cecd52d2e7d0e6950154c14396aff"}
,"/home/codio/workspace/backend/backendapi/models/reviews.js": {"path":"/home/codio/workspace/backend/backendapi/models/reviews.js","statementMap":{"0":{"start":{"line":1,"column":11},"end":{"line":1,"column":41}},"1":{"start":{"line":4,"column":0},"end":{"line":9,"column":1}},"2":{"start":{"line":5,"column":14},"end":{"line":5,"column":56}},"3":{"start":{"line":6,"column":15},"end":{"line":6,"column":19}},"4":{"start":{"line":7,"column":13},"end":{"line":7,"column":46}},"5":{"start":{"line":8,"column":2},"end":{"line":8,"column":14}},"6":{"start":{"line":12,"column":0},"end":{"line":17,"column":1}},"7":{"start":{"line":14,"column":14},"end":{"line":14,"column":38}},"8":{"start":{"line":15,"column":13},"end":{"line":15,"column":38}},"9":{"start":{"line":16,"column":2},"end":{"line":16,"column":14}},"10":{"start":{"line":20,"column":0},"end":{"line":24,"column":1}},"11":{"start":{"line":21,"column":14},"end":{"line":21,"column":41}},"12":{"start":{"line":22,"column":13},"end":{"line":22,"column":44}},"13":{"start":{"line":23,"column":2},"end":{"line":23,"column":14}},"14":{"start":{"line":26,"column":0},"end":{"line":30,"column":1}},"15":{"start":{"line":27,"column":14},"end":{"line":27,"column":55}},"16":{"start":{"line":28,"column":13},"end":{"line":28,"column":49}},"17":{"start":{"line":29,"column":2},"end":{"line":29,"column":14}},"18":{"start":{"line":32,"column":0},"end":{"line":37,"column":1}},"19":{"start":{"line":33,"column":14},"end":{"line":33,"column":54}},"20":{"start":{"line":34,"column":15},"end":{"line":34,"column":19}},"21":{"start":{"line":35,"column":13},"end":{"line":35,"column":45}},"22":{"start":{"line":36,"column":2},"end":{"line":36,"column":14}},"23":{"start":{"line":39,"column":0},"end":{"line":48,"column":1}},"24":{"start":{"line":40,"column":14},"end":{"line":44,"column":30}},"25":{"start":{"line":45,"column":15},"end":{"line":45,"column":23}},"26":{"start":{"line":46,"column":13},"end":{"line":46,"column":46}},"27":{"start":{"line":47,"column":2},"end":{"line":47,"column":14}},"28":{"start":{"line":50,"column":0},"end":{"line":63,"column":1}},"29":{"start":{"line":51,"column":14},"end":{"line":59,"column":3}},"30":{"start":{"line":60,"column":15},"end":{"line":60,"column":23}},"31":{"start":{"line":61,"column":13},"end":{"line":61,"column":46}},"32":{"start":{"line":62,"column":2},"end":{"line":62,"column":14}}},"fnMap":{"0":{"name":"getById","decl":{"start":{"line":4,"column":33},"end":{"line":4,"column":40}},"loc":{"start":{"line":4,"column":46},"end":{"line":9,"column":1}},"line":4},"1":{"name":"getAll","decl":{"start":{"line":12,"column":32},"end":{"line":12,"column":38}},"loc":{"start":{"line":12,"column":60},"end":{"line":17,"column":1}},"line":12},"2":{"name":"add","decl":{"start":{"line":20,"column":29},"end":{"line":20,"column":32}},"loc":{"start":{"line":20,"column":40},"end":{"line":24,"column":1}},"line":20},"3":{"name":"updateBook","decl":{"start":{"line":26,"column":32},"end":{"line":26,"column":42}},"loc":{"start":{"line":26,"column":51},"end":{"line":30,"column":1}},"line":26},"4":{"name":"deleteBook","decl":{"start":{"line":32,"column":32},"end":{"line":32,"column":42}},"loc":{"start":{"line":32,"column":47},"end":{"line":37,"column":1}},"line":32},"5":{"name":"getByBookId","decl":{"start":{"line":39,"column":37},"end":{"line":39,"column":48}},"loc":{"start":{"line":39,"column":57},"end":{"line":48,"column":1}},"line":39},"6":{"name":"getByUserId","decl":{"start":{"line":50,"column":37},"end":{"line":50,"column":48}},"loc":{"start":{"line":50,"column":57},"end":{"line":63,"column":1}},"line":50}},"branchMap":{},"s":{"0":4,"1":4,"2":6,"3":6,"4":6,"5":6,"6":4,"7":0,"8":0,"9":0,"10":4,"11":2,"12":2,"13":2,"14":4,"15":2,"16":2,"17":2,"18":4,"19":2,"20":2,"21":2,"22":2,"23":4,"24":2,"25":2,"26":2,"27":2,"28":4,"29":0,"30":0,"31":0,"32":0},"f":{"0":6,"1":0,"2":2,"3":2,"4":2,"5":2,"6":0},"b":{},"_coverageSchema":"1a1c01bbd47fc00a2c39e90264f33305004495a9","hash":"1865177f93eed5f28ff63e26bb6e78ad96026d79"}
,"/home/codio/workspace/backend/backendapi/models/users.js": {"path":"/home/codio/workspace/backend/backendapi/models/users.js","statementMap":{"0":{"start":{"line":1,"column":11},"end":{"line":1,"column":41}},"1":{"start":{"line":3,"column":0},"end":{"line":8,"column":1}},"2":{"start":{"line":4,"column":16},"end":{"line":4,"column":51}},"3":{"start":{"line":5,"column":17},"end":{"line":5,"column":21}},"4":{"start":{"line":6,"column":15},"end":{"line":6,"column":47}},"5":{"start":{"line":7,"column":2},"end":{"line":7,"column":14}},"6":{"start":{"line":11,"column":0},"end":{"line":15,"column":1}},"7":{"start":{"line":12,"column":16},"end":{"line":12,"column":57}},"8":{"start":{"line":13,"column":15},"end":{"line":13,"column":50}},"9":{"start":{"line":14,"column":2},"end":{"line":14,"column":14}},"10":{"start":{"line":17,"column":0},"end":{"line":21,"column":1}},"11":{"start":{"line":18,"column":16},"end":{"line":18,"column":38}},"12":{"start":{"line":19,"column":15},"end":{"line":19,"column":40}},"13":{"start":{"line":20,"column":2},"end":{"line":20,"column":14}},"14":{"start":{"line":24,"column":0},"end":{"line":28,"column":1}},"15":{"start":{"line":25,"column":16},"end":{"line":25,"column":41}},"16":{"start":{"line":26,"column":15},"end":{"line":26,"column":45}},"17":{"start":{"line":27,"column":2},"end":{"line":27,"column":14}},"18":{"start":{"line":31,"column":0},"end":{"line":36,"column":1}},"19":{"start":{"line":32,"column":16},"end":{"line":32,"column":48}},"20":{"start":{"line":33,"column":17},"end":{"line":33,"column":21}},"21":{"start":{"line":34,"column":15},"end":{"line":34,"column":48}},"22":{"start":{"line":35,"column":2},"end":{"line":35,"column":14}},"23":{"start":{"line":40,"column":0},"end":{"line":45,"column":1}},"24":{"start":{"line":41,"column":16},"end":{"line":41,"column":50}},"25":{"start":{"line":42,"column":17},"end":{"line":42,"column":32}},"26":{"start":{"line":43,"column":15},"end":{"line":43,"column":47}},"27":{"start":{"line":44,"column":2},"end":{"line":44,"column":14}}},"fnMap":{"0":{"name":"getById","decl":{"start":{"line":3,"column":33},"end":{"line":3,"column":40}},"loc":{"start":{"line":3,"column":46},"end":{"line":8,"column":1}},"line":3},"1":{"name":"getByUsername","decl":{"start":{"line":11,"column":40},"end":{"line":11,"column":53}},"loc":{"start":{"line":11,"column":64},"end":{"line":15,"column":1}},"line":11},"2":{"name":"getAll","decl":{"start":{"line":17,"column":32},"end":{"line":17,"column":38}},"loc":{"start":{"line":17,"column":60},"end":{"line":21,"column":1}},"line":17},"3":{"name":"add","decl":{"start":{"line":24,"column":29},"end":{"line":24,"column":32}},"loc":{"start":{"line":24,"column":40},"end":{"line":28,"column":1}},"line":24},"4":{"name":"delById","decl":{"start":{"line":31,"column":33},"end":{"line":31,"column":40}},"loc":{"start":{"line":31,"column":46},"end":{"line":36,"column":1}},"line":31},"5":{"name":"update","decl":{"start":{"line":40,"column":32},"end":{"line":40,"column":38}},"loc":{"start":{"line":40,"column":46},"end":{"line":45,"column":1}},"line":40}},"branchMap":{},"s":{"0":4,"1":4,"2":4,"3":4,"4":4,"5":4,"6":4,"7":9,"8":9,"9":9,"10":4,"11":0,"12":0,"13":0,"14":4,"15":1,"16":1,"17":1,"18":4,"19":2,"20":2,"21":2,"22":2,"23":4,"24":1,"25":1,"26":1,"27":1},"f":{"0":4,"1":9,"2":0,"3":1,"4":2,"5":1},"b":{},"_coverageSchema":"1a1c01bbd47fc00a2c39e90264f33305004495a9","hash":"bc49bc7c33ac2b763437dcdb0031ba9328e75f50"}
,"/home/codio/workspace/backend/backendapi/permissions/authors.js": {"path":"/home/codio/workspace/backend/backendapi/permissions/authors.js","statementMap":{"0":{"start":{"line":1,"column":22},"end":{"line":1,"column":41}},"1":{"start":{"line":2,"column":11},"end":{"line":2,"column":30}},"2":{"start":{"line":5,"column":0},"end":{"line":6,"column":32}},"3":{"start":{"line":9,"column":0},"end":{"line":13,"column":34}},"4":{"start":{"line":16,"column":0},"end":{"line":16,"column":93}},"5":{"start":{"line":16,"column":33},"end":{"line":16,"column":92}},"6":{"start":{"line":18,"column":0},"end":{"line":18,"column":89}},"7":{"start":{"line":18,"column":30},"end":{"line":18,"column":88}},"8":{"start":{"line":20,"column":0},"end":{"line":20,"column":93}},"9":{"start":{"line":20,"column":32},"end":{"line":20,"column":92}},"10":{"start":{"line":22,"column":0},"end":{"line":22,"column":93}},"11":{"start":{"line":22,"column":32},"end":{"line":22,"column":92}},"12":{"start":{"line":24,"column":0},"end":{"line":24,"column":93}},"13":{"start":{"line":24,"column":32},"end":{"line":24,"column":92}}},"fnMap":{"0":{"name":"(anonymous_0)","decl":{"start":{"line":16,"column":18},"end":{"line":16,"column":19}},"loc":{"start":{"line":16,"column":33},"end":{"line":16,"column":92}},"line":16},"1":{"name":"(anonymous_1)","decl":{"start":{"line":18,"column":15},"end":{"line":18,"column":16}},"loc":{"start":{"line":18,"column":30},"end":{"line":18,"column":88}},"line":18},"2":{"name":"(anonymous_2)","decl":{"start":{"line":20,"column":17},"end":{"line":20,"column":18}},"loc":{"start":{"line":20,"column":32},"end":{"line":20,"column":92}},"line":20},"3":{"name":"(anonymous_3)","decl":{"start":{"line":22,"column":17},"end":{"line":22,"column":18}},"loc":{"start":{"line":22,"column":32},"end":{"line":22,"column":92}},"line":22},"4":{"name":"(anonymous_4)","decl":{"start":{"line":24,"column":17},"end":{"line":24,"column":18}},"loc":{"start":{"line":24,"column":32},"end":{"line":24,"column":92}},"line":24}},"branchMap":{},"s":{"0":4,"1":4,"2":4,"3":4,"4":4,"5":0,"6":4,"7":0,"8":4,"9":2,"10":4,"11":2,"12":4,"13":2},"f":{"0":0,"1":0,"2":2,"3":2,"4":2},"b":{},"_coverageSchema":"1a1c01bbd47fc00a2c39e90264f33305004495a9","hash":"a86402db8d7c116884e714572daa88e70f27b610"}
,"/home/codio/workspace/backend/backendapi/permissions/books.js": {"path":"/home/codio/workspace/backend/backendapi/permissions/books.js","statementMap":{"0":{"start":{"line":1,"column":22},"end":{"line":1,"column":41}},"1":{"start":{"line":2,"column":11},"end":{"line":2,"column":30}},"2":{"start":{"line":5,"column":0},"end":{"line":6,"column":30}},"3":{"start":{"line":9,"column":0},"end":{"line":13,"column":32}},"4":{"start":{"line":16,"column":0},"end":{"line":16,"column":91}},"5":{"start":{"line":16,"column":33},"end":{"line":16,"column":90}},"6":{"start":{"line":18,"column":0},"end":{"line":18,"column":87}},"7":{"start":{"line":18,"column":30},"end":{"line":18,"column":86}},"8":{"start":{"line":20,"column":0},"end":{"line":20,"column":91}},"9":{"start":{"line":20,"column":32},"end":{"line":20,"column":90}},"10":{"start":{"line":22,"column":0},"end":{"line":22,"column":91}},"11":{"start":{"line":22,"column":32},"end":{"line":22,"column":90}},"12":{"start":{"line":24,"column":0},"end":{"line":24,"column":91}},"13":{"start":{"line":24,"column":32},"end":{"line":24,"column":90}}},"fnMap":{"0":{"name":"(anonymous_0)","decl":{"start":{"line":16,"column":18},"end":{"line":16,"column":19}},"loc":{"start":{"line":16,"column":33},"end":{"line":16,"column":90}},"line":16},"1":{"name":"(anonymous_1)","decl":{"start":{"line":18,"column":15},"end":{"line":18,"column":16}},"loc":{"start":{"line":18,"column":30},"end":{"line":18,"column":86}},"line":18},"2":{"name":"(anonymous_2)","decl":{"start":{"line":20,"column":17},"end":{"line":20,"column":18}},"loc":{"start":{"line":20,"column":32},"end":{"line":20,"column":90}},"line":20},"3":{"name":"(anonymous_3)","decl":{"start":{"line":22,"column":17},"end":{"line":22,"column":18}},"loc":{"start":{"line":22,"column":32},"end":{"line":22,"column":90}},"line":22},"4":{"name":"(anonymous_4)","decl":{"start":{"line":24,"column":17},"end":{"line":24,"column":18}},"loc":{"start":{"line":24,"column":32},"end":{"line":24,"column":90}},"line":24}},"branchMap":{},"s":{"0":4,"1":4,"2":4,"3":4,"4":4,"5":0,"6":4,"7":0,"8":4,"9":0,"10":4,"11":2,"12":4,"13":2},"f":{"0":0,"1":0,"2":0,"3":2,"4":2},"b":{},"_coverageSchema":"1a1c01bbd47fc00a2c39e90264f33305004495a9","hash":"6e24dd42e6afc47e7e2e5d62dfdffedf5b248a45"}
,"/home/codio/workspace/backend/backendapi/permissions/reviews.js": {"path":"/home/codio/workspace/backend/backendapi/permissions/reviews.js","statementMap":{"0":{"start":{"line":1,"column":22},"end":{"line":1,"column":41}},"1":{"start":{"line":2,"column":11},"end":{"line":2,"column":30}},"2":{"start":{"line":5,"column":0},"end":{"line":5,"column":46}},"3":{"start":{"line":6,"column":0},"end":{"line":6,"column":48}},"4":{"start":{"line":8,"column":0},"end":{"line":8,"column":106}},"5":{"start":{"line":9,"column":0},"end":{"line":9,"column":106}},"6":{"start":{"line":12,"column":0},"end":{"line":12,"column":47}},"7":{"start":{"line":13,"column":0},"end":{"line":13,"column":49}},"8":{"start":{"line":14,"column":0},"end":{"line":14,"column":49}},"9":{"start":{"line":15,"column":0},"end":{"line":15,"column":49}},"10":{"start":{"line":18,"column":0},"end":{"line":18,"column":89}},"11":{"start":{"line":18,"column":30},"end":{"line":18,"column":88}},"12":{"start":{"line":19,"column":0},"end":{"line":19,"column":154}},"13":{"start":{"line":19,"column":38},"end":{"line":19,"column":153}},"14":{"start":{"line":20,"column":0},"end":{"line":20,"column":93}},"15":{"start":{"line":20,"column":32},"end":{"line":20,"column":92}},"16":{"start":{"line":21,"column":0},"end":{"line":21,"column":154}},"17":{"start":{"line":21,"column":38},"end":{"line":21,"column":153}}},"fnMap":{"0":{"name":"(anonymous_0)","decl":{"start":{"line":18,"column":15},"end":{"line":18,"column":16}},"loc":{"start":{"line":18,"column":30},"end":{"line":18,"column":88}},"line":18},"1":{"name":"(anonymous_1)","decl":{"start":{"line":19,"column":17},"end":{"line":19,"column":18}},"loc":{"start":{"line":19,"column":38},"end":{"line":19,"column":153}},"line":19},"2":{"name":"(anonymous_2)","decl":{"start":{"line":20,"column":17},"end":{"line":20,"column":18}},"loc":{"start":{"line":20,"column":32},"end":{"line":20,"column":92}},"line":20},"3":{"name":"(anonymous_3)","decl":{"start":{"line":21,"column":17},"end":{"line":21,"column":18}},"loc":{"start":{"line":21,"column":38},"end":{"line":21,"column":153}},"line":21}},"branchMap":{},"s":{"0":4,"1":4,"2":4,"3":4,"4":4,"5":4,"6":4,"7":4,"8":4,"9":4,"10":4,"11":0,"12":4,"13":3,"14":4,"15":2,"16":4,"17":3},"f":{"0":0,"1":3,"2":2,"3":3},"b":{},"_coverageSchema":"1a1c01bbd47fc00a2c39e90264f33305004495a9","hash":"d4142b1b5e89a84347fdcaaba25fb86dce06ef80"}
,"/home/codio/workspace/backend/backendapi/permissions/users.js": {"path":"/home/codio/workspace/backend/backendapi/permissions/users.js","statementMap":{"0":{"start":{"line":1,"column":22},"end":{"line":1,"column":41}},"1":{"start":{"line":2,"column":11},"end":{"line":2,"column":30}},"2":{"start":{"line":4,"column":0},"end":{"line":5,"column":51}},"3":{"start":{"line":6,"column":0},"end":{"line":7,"column":84}},"4":{"start":{"line":10,"column":0},"end":{"line":10,"column":45}},"5":{"start":{"line":11,"column":0},"end":{"line":11,"column":46}},"6":{"start":{"line":12,"column":0},"end":{"line":12,"column":47}},"7":{"start":{"line":13,"column":0},"end":{"line":13,"column":47}},"8":{"start":{"line":14,"column":0},"end":{"line":14,"column":107}},"9":{"start":{"line":16,"column":0},"end":{"line":16,"column":91}},"10":{"start":{"line":16,"column":33},"end":{"line":16,"column":90}},"11":{"start":{"line":18,"column":0},"end":{"line":18,"column":142}},"12":{"start":{"line":18,"column":36},"end":{"line":18,"column":141}},"13":{"start":{"line":20,"column":0},"end":{"line":20,"column":146}},"14":{"start":{"line":20,"column":38},"end":{"line":20,"column":145}},"15":{"start":{"line":22,"column":0},"end":{"line":22,"column":146}},"16":{"start":{"line":22,"column":38},"end":{"line":22,"column":145}}},"fnMap":{"0":{"name":"(anonymous_0)","decl":{"start":{"line":16,"column":18},"end":{"line":16,"column":19}},"loc":{"start":{"line":16,"column":33},"end":{"line":16,"column":90}},"line":16},"1":{"name":"(anonymous_1)","decl":{"start":{"line":18,"column":15},"end":{"line":18,"column":16}},"loc":{"start":{"line":18,"column":36},"end":{"line":18,"column":141}},"line":18},"2":{"name":"(anonymous_2)","decl":{"start":{"line":20,"column":17},"end":{"line":20,"column":18}},"loc":{"start":{"line":20,"column":38},"end":{"line":20,"column":145}},"line":20},"3":{"name":"(anonymous_3)","decl":{"start":{"line":22,"column":17},"end":{"line":22,"column":18}},"loc":{"start":{"line":22,"column":38},"end":{"line":22,"column":145}},"line":22}},"branchMap":{},"s":{"0":4,"1":4,"2":4,"3":4,"4":4,"5":4,"6":4,"7":4,"8":4,"9":4,"10":0,"11":4,"12":0,"13":4,"14":0,"15":4,"16":0},"f":{"0":0,"1":0,"2":0,"3":0},"b":{},"_coverageSchema":"1a1c01bbd47fc00a2c39e90264f33305004495a9","hash":"7ca20d49468cd923b2215c6add54787002edfae9"}
,"/home/codio/workspace/backend/backendapi/routes/authors.js": {"path":"/home/codio/workspace/backend/backendapi/routes/authors.js","statementMap":{"0":{"start":{"line":1,"column":15},"end":{"line":1,"column":36}},"1":{"start":{"line":2,"column":19},"end":{"line":2,"column":44}},"2":{"start":{"line":3,"column":20},"end":{"line":3,"column":48}},"3":{"start":{"line":4,"column":13},"end":{"line":4,"column":43}},"4":{"start":{"line":5,"column":25},"end":{"line":5,"column":61}},"5":{"start":{"line":6,"column":12},"end":{"line":6,"column":45}},"6":{"start":{"line":7,"column":17},"end":{"line":7,"column":45}},"7":{"start":{"line":9,"column":15},"end":{"line":9,"column":32}},"8":{"start":{"line":10,"column":15},"end":{"line":10,"column":33}},"9":{"start":{"line":12,"column":0},"end":{"line":12,"column":31}},"10":{"start":{"line":13,"column":0},"end":{"line":13,"column":83}},"11":{"start":{"line":14,"column":0},"end":{"line":14,"column":45}},"12":{"start":{"line":15,"column":0},"end":{"line":15,"column":96}},"13":{"start":{"line":16,"column":0},"end":{"line":16,"column":66}},"14":{"start":{"line":17,"column":0},"end":{"line":17,"column":61}},"15":{"start":{"line":20,"column":76},"end":{"line":20,"column":93}},"16":{"start":{"line":21,"column":17},"end":{"line":21,"column":72}},"17":{"start":{"line":22,"column":2},"end":{"line":33,"column":3}},"18":{"start":{"line":23,"column":17},"end":{"line":31,"column":6}},"19":{"start":{"line":24,"column":73},"end":{"line":24,"column":79}},"20":{"start":{"line":25,"column":20},"end":{"line":29,"column":7}},"21":{"start":{"line":30,"column":6},"end":{"line":30,"column":79}},"22":{"start":{"line":32,"column":4},"end":{"line":32,"column":20}},"23":{"start":{"line":37,"column":11},"end":{"line":37,"column":24}},"24":{"start":{"line":38,"column":15},"end":{"line":38,"column":44}},"25":{"start":{"line":39,"column":2},"end":{"line":47,"column":3}},"26":{"start":{"line":40,"column":71},"end":{"line":40,"column":80}},"27":{"start":{"line":41,"column":18},"end":{"line":45,"column":5}},"28":{"start":{"line":46,"column":4},"end":{"line":46,"column":89}},"29":{"start":{"line":51,"column":21},"end":{"line":51,"column":47}},"30":{"start":{"line":53,"column":2},"end":{"line":57,"column":3}},"31":{"start":{"line":54,"column":4},"end":{"line":54,"column":21}},"32":{"start":{"line":55,"column":4},"end":{"line":55,"column":58}},"33":{"start":{"line":56,"column":4},"end":{"line":56,"column":11}},"34":{"start":{"line":59,"column":15},"end":{"line":59,"column":31}},"35":{"start":{"line":60,"column":15},"end":{"line":60,"column":42}},"36":{"start":{"line":61,"column":2},"end":{"line":67,"column":3}},"37":{"start":{"line":62,"column":4},"end":{"line":62,"column":21}},"38":{"start":{"line":63,"column":4},"end":{"line":63,"column":39}},"39":{"start":{"line":65,"column":4},"end":{"line":65,"column":21}},"40":{"start":{"line":66,"column":4},"end":{"line":66,"column":52}},"41":{"start":{"line":71,"column":13},"end":{"line":71,"column":26}},"42":{"start":{"line":72,"column":17},"end":{"line":72,"column":46}},"43":{"start":{"line":73,"column":2},"end":{"line":77,"column":3}},"44":{"start":{"line":74,"column":4},"end":{"line":74,"column":21}},"45":{"start":{"line":75,"column":4},"end":{"line":75,"column":45}},"46":{"start":{"line":76,"column":4},"end":{"line":76,"column":11}},"47":{"start":{"line":79,"column":21},"end":{"line":79,"column":58}},"48":{"start":{"line":80,"column":2},"end":{"line":84,"column":3}},"49":{"start":{"line":81,"column":4},"end":{"line":81,"column":21}},"50":{"start":{"line":82,"column":4},"end":{"line":82,"column":60}},"51":{"start":{"line":83,"column":4},"end":{"line":83,"column":11}},"52":{"start":{"line":86,"column":21},"end":{"line":86,"column":37}},"53":{"start":{"line":87,"column":17},"end":{"line":87,"column":57}},"54":{"start":{"line":88,"column":2},"end":{"line":94,"column":3}},"55":{"start":{"line":89,"column":4},"end":{"line":89,"column":21}},"56":{"start":{"line":90,"column":4},"end":{"line":90,"column":65}},"57":{"start":{"line":92,"column":4},"end":{"line":92,"column":21}},"58":{"start":{"line":93,"column":4},"end":{"line":93,"column":52}},"59":{"start":{"line":98,"column":13},"end":{"line":98,"column":26}},"60":{"start":{"line":99,"column":17},"end":{"line":99,"column":46}},"61":{"start":{"line":100,"column":2},"end":{"line":104,"column":3}},"62":{"start":{"line":101,"column":4},"end":{"line":101,"column":21}},"63":{"start":{"line":102,"column":4},"end":{"line":102,"column":45}},"64":{"start":{"line":103,"column":4},"end":{"line":103,"column":11}},"65":{"start":{"line":106,"column":21},"end":{"line":106,"column":58}},"66":{"start":{"line":107,"column":2},"end":{"line":111,"column":3}},"67":{"start":{"line":108,"column":4},"end":{"line":108,"column":21}},"68":{"start":{"line":109,"column":4},"end":{"line":109,"column":62}},"69":{"start":{"line":110,"column":4},"end":{"line":110,"column":11}},"70":{"start":{"line":113,"column":17},"end":{"line":113,"column":45}},"71":{"start":{"line":114,"column":2},"end":{"line":120,"column":3}},"72":{"start":{"line":115,"column":4},"end":{"line":115,"column":21}},"73":{"start":{"line":116,"column":4},"end":{"line":116,"column":41}},"74":{"start":{"line":118,"column":4},"end":{"line":118,"column":21}},"75":{"start":{"line":119,"column":4},"end":{"line":119,"column":52}},"76":{"start":{"line":124,"column":15},"end":{"line":124,"column":32}},"77":{"start":{"line":125,"column":15},"end":{"line":125,"column":58}},"78":{"start":{"line":126,"column":2},"end":{"line":135,"column":3}},"79":{"start":{"line":127,"column":71},"end":{"line":127,"column":80}},"80":{"start":{"line":128,"column":18},"end":{"line":130,"column":5}},"81":{"start":{"line":131,"column":4},"end":{"line":131,"column":89}},"82":{"start":{"line":133,"column":4},"end":{"line":133,"column":21}},"83":{"start":{"line":134,"column":4},"end":{"line":134,"column":67}},"84":{"start":{"line":139,"column":0},"end":{"line":139,"column":24}}},"fnMap":{"0":{"name":"getAllAuthors","decl":{"start":{"line":19,"column":15},"end":{"line":19,"column":28}},"loc":{"start":{"line":19,"column":34},"end":{"line":34,"column":1}},"line":19},"1":{"name":"(anonymous_1)","decl":{"start":{"line":23,"column":28},"end":{"line":23,"column":29}},"loc":{"start":{"line":23,"column":38},"end":{"line":31,"column":5}},"line":23},"2":{"name":"getAuthorById","decl":{"start":{"line":36,"column":15},"end":{"line":36,"column":28}},"loc":{"start":{"line":36,"column":34},"end":{"line":48,"column":1}},"line":36},"3":{"name":"createAuthor","decl":{"start":{"line":50,"column":15},"end":{"line":50,"column":27}},"loc":{"start":{"line":50,"column":33},"end":{"line":68,"column":1}},"line":50},"4":{"name":"updateAuthor","decl":{"start":{"line":70,"column":15},"end":{"line":70,"column":27}},"loc":{"start":{"line":70,"column":33},"end":{"line":95,"column":1}},"line":70},"5":{"name":"deleteAuthor","decl":{"start":{"line":97,"column":15},"end":{"line":97,"column":27}},"loc":{"start":{"line":97,"column":33},"end":{"line":121,"column":1}},"line":97},"6":{"name":"getAuthorByBookId","decl":{"start":{"line":123,"column":15},"end":{"line":123,"column":32}},"loc":{"start":{"line":123,"column":38},"end":{"line":136,"column":1}},"line":123}},"branchMap":{"0":{"loc":{"start":{"line":20,"column":10},"end":{"line":20,"column":18}},"type":"default-arg","locations":[{"start":{"line":20,"column":17},"end":{"line":20,"column":18}}],"line":20},"1":{"loc":{"start":{"line":20,"column":20},"end":{"line":20,"column":31}},"type":"default-arg","locations":[{"start":{"line":20,"column":28},"end":{"line":20,"column":31}}],"line":20},"2":{"loc":{"start":{"line":20,"column":33},"end":{"line":20,"column":52}},"type":"default-arg","locations":[{"start":{"line":20,"column":41},"end":{"line":20,"column":52}}],"line":20},"3":{"loc":{"start":{"line":20,"column":54},"end":{"line":20,"column":71}},"type":"default-arg","locations":[{"start":{"line":20,"column":66},"end":{"line":20,"column":71}}],"line":20},"4":{"loc":{"start":{"line":22,"column":2},"end":{"line":33,"column":3}},"type":"if","locations":[{"start":{"line":22,"column":2},"end":{"line":33,"column":3}},{"start":{},"end":{}}],"line":22},"5":{"loc":{"start":{"line":39,"column":2},"end":{"line":47,"column":3}},"type":"if","locations":[{"start":{"line":39,"column":2},"end":{"line":47,"column":3}},{"start":{},"end":{}}],"line":39},"6":{"loc":{"start":{"line":53,"column":2},"end":{"line":57,"column":3}},"type":"if","locations":[{"start":{"line":53,"column":2},"end":{"line":57,"column":3}},{"start":{},"end":{}}],"line":53},"7":{"loc":{"start":{"line":61,"column":2},"end":{"line":67,"column":3}},"type":"if","locations":[{"start":{"line":61,"column":2},"end":{"line":67,"column":3}},{"start":{"line":64,"column":9},"end":{"line":67,"column":3}}],"line":61},"8":{"loc":{"start":{"line":73,"column":2},"end":{"line":77,"column":3}},"type":"if","locations":[{"start":{"line":73,"column":2},"end":{"line":77,"column":3}},{"start":{},"end":{}}],"line":73},"9":{"loc":{"start":{"line":80,"column":2},"end":{"line":84,"column":3}},"type":"if","locations":[{"start":{"line":80,"column":2},"end":{"line":84,"column":3}},{"start":{},"end":{}}],"line":80},"10":{"loc":{"start":{"line":88,"column":2},"end":{"line":94,"column":3}},"type":"if","locations":[{"start":{"line":88,"column":2},"end":{"line":94,"column":3}},{"start":{"line":91,"column":9},"end":{"line":94,"column":3}}],"line":88},"11":{"loc":{"start":{"line":100,"column":2},"end":{"line":104,"column":3}},"type":"if","locations":[{"start":{"line":100,"column":2},"end":{"line":104,"column":3}},{"start":{},"end":{}}],"line":100},"12":{"loc":{"start":{"line":107,"column":2},"end":{"line":111,"column":3}},"type":"if","locations":[{"start":{"line":107,"column":2},"end":{"line":111,"column":3}},{"start":{},"end":{}}],"line":107},"13":{"loc":{"start":{"line":114,"column":2},"end":{"line":120,"column":3}},"type":"if","locations":[{"start":{"line":114,"column":2},"end":{"line":120,"column":3}},{"start":{"line":117,"column":9},"end":{"line":120,"column":3}}],"line":114},"14":{"loc":{"start":{"line":126,"column":2},"end":{"line":135,"column":3}},"type":"if","locations":[{"start":{"line":126,"column":2},"end":{"line":135,"column":3}},{"start":{"line":132,"column":9},"end":{"line":135,"column":3}}],"line":126}},"s":{"0":4,"1":4,"2":4,"3":4,"4":4,"5":4,"6":4,"7":4,"8":4,"9":4,"10":4,"11":4,"12":4,"13":4,"14":4,"15":0,"16":0,"17":0,"18":0,"19":0,"20":0,"21":0,"22":0,"23":3,"24":3,"25":3,"26":2,"27":2,"28":2,"29":2,"30":2,"31":1,"32":1,"33":1,"34":1,"35":1,"36":1,"37":1,"38":1,"39":0,"40":0,"41":2,"42":2,"43":2,"44":0,"45":0,"46":0,"47":2,"48":2,"49":1,"50":1,"51":1,"52":1,"53":1,"54":1,"55":1,"56":1,"57":0,"58":0,"59":2,"60":2,"61":2,"62":0,"63":0,"64":0,"65":2,"66":2,"67":1,"68":1,"69":1,"70":1,"71":1,"72":1,"73":1,"74":0,"75":0,"76":3,"77":3,"78":3,"79":2,"80":2,"81":2,"82":1,"83":1,"84":4},"f":{"0":0,"1":0,"2":3,"3":2,"4":2,"5":2,"6":3},"b":{"0":[0],"1":[0],"2":[0],"3":[0],"4":[0,0],"5":[2,1],"6":[1,1],"7":[1,0],"8":[0,2],"9":[1,1],"10":[1,0],"11":[0,2],"12":[1,1],"13":[1,0],"14":[2,1]},"_coverageSchema":"1a1c01bbd47fc00a2c39e90264f33305004495a9","hash":"bdab12bfcd0899c7b5a6546ad118dc39bed99ff8"}
,"/home/codio/workspace/backend/backendapi/routes/books.js": {"path":"/home/codio/workspace/backend/backendapi/routes/books.js","statementMap":{"0":{"start":{"line":1,"column":15},"end":{"line":1,"column":36}},"1":{"start":{"line":2,"column":19},"end":{"line":2,"column":44}},"2":{"start":{"line":3,"column":14},"end":{"line":3,"column":40}},"3":{"start":{"line":4,"column":13},"end":{"line":4,"column":43}},"4":{"start":{"line":5,"column":26},"end":{"line":5,"column":62}},"5":{"start":{"line":6,"column":12},"end":{"line":6,"column":43}},"6":{"start":{"line":7,"column":14},"end":{"line":7,"column":40}},"7":{"start":{"line":8,"column":17},"end":{"line":8,"column":45}},"8":{"start":{"line":11,"column":15},"end":{"line":11,"column":30}},"9":{"start":{"line":12,"column":15},"end":{"line":12,"column":39}},"10":{"start":{"line":14,"column":0},"end":{"line":14,"column":24}},"11":{"start":{"line":15,"column":0},"end":{"line":15,"column":82}},"12":{"start":{"line":16,"column":0},"end":{"line":16,"column":39}},"13":{"start":{"line":17,"column":0},"end":{"line":17,"column":95}},"14":{"start":{"line":18,"column":0},"end":{"line":18,"column":64}},"15":{"start":{"line":19,"column":0},"end":{"line":19,"column":48}},"16":{"start":{"line":20,"column":0},"end":{"line":20,"column":68}},"17":{"start":{"line":21,"column":0},"end":{"line":21,"column":71}},"18":{"start":{"line":22,"column":0},"end":{"line":22,"column":66}},"19":{"start":{"line":25,"column":68},"end":{"line":25,"column":85}},"20":{"start":{"line":26,"column":17},"end":{"line":26,"column":66}},"21":{"start":{"line":27,"column":2},"end":{"line":39,"column":3}},"22":{"start":{"line":28,"column":17},"end":{"line":37,"column":6}},"23":{"start":{"line":29,"column":75},"end":{"line":29,"column":79}},"24":{"start":{"line":30,"column":20},"end":{"line":35,"column":7}},"25":{"start":{"line":36,"column":6},"end":{"line":36,"column":79}},"26":{"start":{"line":38,"column":4},"end":{"line":38,"column":20}},"27":{"start":{"line":44,"column":11},"end":{"line":44,"column":24}},"28":{"start":{"line":45,"column":13},"end":{"line":45,"column":36}},"29":{"start":{"line":46,"column":2},"end":{"line":55,"column":3}},"30":{"start":{"line":47,"column":73},"end":{"line":47,"column":80}},"31":{"start":{"line":48,"column":18},"end":{"line":53,"column":5}},"32":{"start":{"line":54,"column":4},"end":{"line":54,"column":90}},"33":{"start":{"line":59,"column":21},"end":{"line":59,"column":47}},"34":{"start":{"line":61,"column":2},"end":{"line":65,"column":3}},"35":{"start":{"line":62,"column":4},"end":{"line":62,"column":21}},"36":{"start":{"line":63,"column":4},"end":{"line":63,"column":56}},"37":{"start":{"line":64,"column":4},"end":{"line":64,"column":11}},"38":{"start":{"line":67,"column":15},"end":{"line":67,"column":31}},"39":{"start":{"line":68,"column":15},"end":{"line":68,"column":36}},"40":{"start":{"line":69,"column":2},"end":{"line":75,"column":3}},"41":{"start":{"line":70,"column":4},"end":{"line":70,"column":21}},"42":{"start":{"line":71,"column":4},"end":{"line":71,"column":39}},"43":{"start":{"line":73,"column":4},"end":{"line":73,"column":21}},"44":{"start":{"line":74,"column":4},"end":{"line":74,"column":50}},"45":{"start":{"line":79,"column":13},"end":{"line":79,"column":26}},"46":{"start":{"line":80,"column":15},"end":{"line":80,"column":38}},"47":{"start":{"line":81,"column":2},"end":{"line":85,"column":3}},"48":{"start":{"line":82,"column":4},"end":{"line":82,"column":21}},"49":{"start":{"line":83,"column":4},"end":{"line":83,"column":41}},"50":{"start":{"line":84,"column":4},"end":{"line":84,"column":11}},"51":{"start":{"line":88,"column":21},"end":{"line":88,"column":56}},"52":{"start":{"line":89,"column":2},"end":{"line":93,"column":3}},"53":{"start":{"line":90,"column":4},"end":{"line":90,"column":21}},"54":{"start":{"line":91,"column":4},"end":{"line":91,"column":56}},"55":{"start":{"line":92,"column":4},"end":{"line":92,"column":11}},"56":{"start":{"line":95,"column":21},"end":{"line":95,"column":37}},"57":{"start":{"line":96,"column":17},"end":{"line":96,"column":51}},"58":{"start":{"line":97,"column":2},"end":{"line":103,"column":3}},"59":{"start":{"line":98,"column":4},"end":{"line":98,"column":21}},"60":{"start":{"line":99,"column":4},"end":{"line":99,"column":63}},"61":{"start":{"line":101,"column":4},"end":{"line":101,"column":21}},"62":{"start":{"line":102,"column":4},"end":{"line":102,"column":48}},"63":{"start":{"line":106,"column":13},"end":{"line":106,"column":26}},"64":{"start":{"line":107,"column":15},"end":{"line":107,"column":38}},"65":{"start":{"line":108,"column":2},"end":{"line":112,"column":3}},"66":{"start":{"line":109,"column":4},"end":{"line":109,"column":21}},"67":{"start":{"line":110,"column":4},"end":{"line":110,"column":41}},"68":{"start":{"line":111,"column":4},"end":{"line":111,"column":11}},"69":{"start":{"line":115,"column":21},"end":{"line":115,"column":56}},"70":{"start":{"line":116,"column":2},"end":{"line":120,"column":3}},"71":{"start":{"line":117,"column":4},"end":{"line":117,"column":21}},"72":{"start":{"line":118,"column":4},"end":{"line":118,"column":58}},"73":{"start":{"line":119,"column":4},"end":{"line":119,"column":11}},"74":{"start":{"line":122,"column":17},"end":{"line":122,"column":39}},"75":{"start":{"line":123,"column":2},"end":{"line":129,"column":3}},"76":{"start":{"line":124,"column":4},"end":{"line":124,"column":21}},"77":{"start":{"line":125,"column":4},"end":{"line":125,"column":39}},"78":{"start":{"line":127,"column":4},"end":{"line":127,"column":21}},"79":{"start":{"line":128,"column":4},"end":{"line":128,"column":48}},"80":{"start":{"line":133,"column":13},"end":{"line":133,"column":26}},"81":{"start":{"line":134,"column":17},"end":{"line":134,"column":38}},"82":{"start":{"line":135,"column":2},"end":{"line":135,"column":33}},"83":{"start":{"line":139,"column":16},"end":{"line":139,"column":39}},"84":{"start":{"line":140,"column":16},"end":{"line":140,"column":33}},"85":{"start":{"line":142,"column":2},"end":{"line":146,"column":3}},"86":{"start":{"line":143,"column":4},"end":{"line":143,"column":21}},"87":{"start":{"line":144,"column":4},"end":{"line":144,"column":49}},"88":{"start":{"line":145,"column":4},"end":{"line":145,"column":11}},"89":{"start":{"line":147,"column":17},"end":{"line":147,"column":49}},"90":{"start":{"line":148,"column":2},"end":{"line":148,"column":22}},"91":{"start":{"line":149,"column":2},"end":{"line":149,"column":75}},"92":{"start":{"line":153,"column":17},"end":{"line":153,"column":40}},"93":{"start":{"line":154,"column":17},"end":{"line":154,"column":34}},"94":{"start":{"line":156,"column":2},"end":{"line":160,"column":3}},"95":{"start":{"line":157,"column":4},"end":{"line":157,"column":21}},"96":{"start":{"line":158,"column":4},"end":{"line":158,"column":49}},"97":{"start":{"line":159,"column":4},"end":{"line":159,"column":11}},"98":{"start":{"line":162,"column":17},"end":{"line":162,"column":52}},"99":{"start":{"line":163,"column":2},"end":{"line":163,"column":78}},"100":{"start":{"line":166,"column":17},"end":{"line":166,"column":36}},"101":{"start":{"line":167,"column":14},"end":{"line":167,"column":49}},"102":{"start":{"line":168,"column":2},"end":{"line":181,"column":3}},"103":{"start":{"line":169,"column":17},"end":{"line":176,"column":6}},"104":{"start":{"line":170,"column":76},"end":{"line":170,"column":80}},"105":{"start":{"line":171,"column":20},"end":{"line":174,"column":7}},"106":{"start":{"line":175,"column":6},"end":{"line":175,"column":82}},"107":{"start":{"line":177,"column":4},"end":{"line":177,"column":20}},"108":{"start":{"line":179,"column":4},"end":{"line":179,"column":21}},"109":{"start":{"line":180,"column":4},"end":{"line":180,"column":67}},"110":{"start":{"line":186,"column":0},"end":{"line":186,"column":24}}},"fnMap":{"0":{"name":"getAll","decl":{"start":{"line":24,"column":15},"end":{"line":24,"column":21}},"loc":{"start":{"line":24,"column":27},"end":{"line":40,"column":1}},"line":24},"1":{"name":"(anonymous_1)","decl":{"start":{"line":28,"column":28},"end":{"line":28,"column":29}},"loc":{"start":{"line":28,"column":36},"end":{"line":37,"column":5}},"line":28},"2":{"name":"getById","decl":{"start":{"line":43,"column":15},"end":{"line":43,"column":22}},"loc":{"start":{"line":43,"column":28},"end":{"line":56,"column":1}},"line":43},"3":{"name":"createBook","decl":{"start":{"line":58,"column":15},"end":{"line":58,"column":25}},"loc":{"start":{"line":58,"column":31},"end":{"line":76,"column":1}},"line":58},"4":{"name":"updateBook","decl":{"start":{"line":78,"column":15},"end":{"line":78,"column":25}},"loc":{"start":{"line":78,"column":31},"end":{"line":104,"column":1}},"line":78},"5":{"name":"deleteBook","decl":{"start":{"line":105,"column":15},"end":{"line":105,"column":25}},"loc":{"start":{"line":105,"column":31},"end":{"line":130,"column":1}},"line":105},"6":{"name":"likesCount","decl":{"start":{"line":132,"column":15},"end":{"line":132,"column":25}},"loc":{"start":{"line":132,"column":31},"end":{"line":136,"column":1}},"line":132},"7":{"name":"likePost","decl":{"start":{"line":138,"column":15},"end":{"line":138,"column":23}},"loc":{"start":{"line":138,"column":29},"end":{"line":150,"column":1}},"line":138},"8":{"name":"dislikePost","decl":{"start":{"line":152,"column":15},"end":{"line":152,"column":26}},"loc":{"start":{"line":152,"column":32},"end":{"line":164,"column":1}},"line":152},"9":{"name":"getBooksByAuthorId","decl":{"start":{"line":165,"column":15},"end":{"line":165,"column":33}},"loc":{"start":{"line":165,"column":39},"end":{"line":182,"column":1}},"line":165},"10":{"name":"(anonymous_10)","decl":{"start":{"line":169,"column":27},"end":{"line":169,"column":28}},"loc":{"start":{"line":169,"column":35},"end":{"line":176,"column":5}},"line":169}},"branchMap":{"0":{"loc":{"start":{"line":25,"column":9},"end":{"line":25,"column":15}},"type":"default-arg","locations":[{"start":{"line":25,"column":14},"end":{"line":25,"column":15}}],"line":25},"1":{"loc":{"start":{"line":25,"column":17},"end":{"line":25,"column":26}},"type":"default-arg","locations":[{"start":{"line":25,"column":23},"end":{"line":25,"column":26}}],"line":25},"2":{"loc":{"start":{"line":25,"column":28},"end":{"line":25,"column":47}},"type":"default-arg","locations":[{"start":{"line":25,"column":34},"end":{"line":25,"column":47}}],"line":25},"3":{"loc":{"start":{"line":25,"column":49},"end":{"line":25,"column":64}},"type":"default-arg","locations":[{"start":{"line":25,"column":59},"end":{"line":25,"column":64}}],"line":25},"4":{"loc":{"start":{"line":27,"column":2},"end":{"line":39,"column":3}},"type":"if","locations":[{"start":{"line":27,"column":2},"end":{"line":39,"column":3}},{"start":{},"end":{}}],"line":27},"5":{"loc":{"start":{"line":46,"column":2},"end":{"line":55,"column":3}},"type":"if","locations":[{"start":{"line":46,"column":2},"end":{"line":55,"column":3}},{"start":{},"end":{}}],"line":46},"6":{"loc":{"start":{"line":61,"column":2},"end":{"line":65,"column":3}},"type":"if","locations":[{"start":{"line":61,"column":2},"end":{"line":65,"column":3}},{"start":{},"end":{}}],"line":61},"7":{"loc":{"start":{"line":69,"column":2},"end":{"line":75,"column":3}},"type":"if","locations":[{"start":{"line":69,"column":2},"end":{"line":75,"column":3}},{"start":{"line":72,"column":9},"end":{"line":75,"column":3}}],"line":69},"8":{"loc":{"start":{"line":81,"column":2},"end":{"line":85,"column":3}},"type":"if","locations":[{"start":{"line":81,"column":2},"end":{"line":85,"column":3}},{"start":{},"end":{}}],"line":81},"9":{"loc":{"start":{"line":89,"column":2},"end":{"line":93,"column":3}},"type":"if","locations":[{"start":{"line":89,"column":2},"end":{"line":93,"column":3}},{"start":{},"end":{}}],"line":89},"10":{"loc":{"start":{"line":97,"column":2},"end":{"line":103,"column":3}},"type":"if","locations":[{"start":{"line":97,"column":2},"end":{"line":103,"column":3}},{"start":{"line":100,"column":9},"end":{"line":103,"column":3}}],"line":97},"11":{"loc":{"start":{"line":108,"column":2},"end":{"line":112,"column":3}},"type":"if","locations":[{"start":{"line":108,"column":2},"end":{"line":112,"column":3}},{"start":{},"end":{}}],"line":108},"12":{"loc":{"start":{"line":116,"column":2},"end":{"line":120,"column":3}},"type":"if","locations":[{"start":{"line":116,"column":2},"end":{"line":120,"column":3}},{"start":{},"end":{}}],"line":116},"13":{"loc":{"start":{"line":123,"column":2},"end":{"line":129,"column":3}},"type":"if","locations":[{"start":{"line":123,"column":2},"end":{"line":129,"column":3}},{"start":{"line":126,"column":9},"end":{"line":129,"column":3}}],"line":123},"14":{"loc":{"start":{"line":135,"column":13},"end":{"line":135,"column":32}},"type":"cond-expr","locations":[{"start":{"line":135,"column":22},"end":{"line":135,"column":28}},{"start":{"line":135,"column":31},"end":{"line":135,"column":32}}],"line":135},"15":{"loc":{"start":{"line":142,"column":2},"end":{"line":146,"column":3}},"type":"if","locations":[{"start":{"line":142,"column":2},"end":{"line":146,"column":3}},{"start":{},"end":{}}],"line":142},"16":{"loc":{"start":{"line":149,"column":13},"end":{"line":149,"column":74}},"type":"cond-expr","locations":[{"start":{"line":149,"column":35},"end":{"line":149,"column":53}},{"start":{"line":149,"column":56},"end":{"line":149,"column":74}}],"line":149},"17":{"loc":{"start":{"line":156,"column":2},"end":{"line":160,"column":3}},"type":"if","locations":[{"start":{"line":156,"column":2},"end":{"line":160,"column":3}},{"start":{},"end":{}}],"line":156},"18":{"loc":{"start":{"line":163,"column":13},"end":{"line":163,"column":77}},"type":"cond-expr","locations":[{"start":{"line":163,"column":35},"end":{"line":163,"column":56}},{"start":{"line":163,"column":59},"end":{"line":163,"column":77}}],"line":163},"19":{"loc":{"start":{"line":168,"column":2},"end":{"line":181,"column":3}},"type":"if","locations":[{"start":{"line":168,"column":2},"end":{"line":181,"column":3}},{"start":{"line":178,"column":9},"end":{"line":181,"column":3}}],"line":168}},"s":{"0":4,"1":4,"2":4,"3":4,"4":4,"5":4,"6":4,"7":4,"8":4,"9":4,"10":4,"11":4,"12":4,"13":4,"14":4,"15":4,"16":4,"17":4,"18":4,"19":0,"20":0,"21":0,"22":0,"23":0,"24":0,"25":0,"26":0,"27":4,"28":4,"29":4,"30":2,"31":2,"32":2,"33":0,"34":0,"35":0,"36":0,"37":0,"38":0,"39":0,"40":0,"41":0,"42":0,"43":0,"44":0,"45":2,"46":2,"47":2,"48":0,"49":0,"50":0,"51":2,"52":2,"53":1,"54":1,"55":1,"56":1,"57":1,"58":1,"59":1,"60":1,"61":0,"62":0,"63":2,"64":2,"65":2,"66":0,"67":0,"68":0,"69":2,"70":2,"71":1,"72":1,"73":1,"74":1,"75":1,"76":1,"77":1,"78":0,"79":0,"80":0,"81":0,"82":0,"83":0,"84":0,"85":0,"86":0,"87":0,"88":0,"89":0,"90":0,"91":0,"92":0,"93":0,"94":0,"95":0,"96":0,"97":0,"98":0,"99":0,"100":0,"101":0,"102":0,"103":0,"104":0,"105":0,"106":0,"107":0,"108":0,"109":0,"110":4},"f":{"0":0,"1":0,"2":4,"3":0,"4":2,"5":2,"6":0,"7":0,"8":0,"9":0,"10":0},"b":{"0":[0],"1":[0],"2":[0],"3":[0],"4":[0,0],"5":[2,2],"6":[0,0],"7":[0,0],"8":[0,2],"9":[1,1],"10":[1,0],"11":[0,2],"12":[1,1],"13":[1,0],"14":[0,0],"15":[0,0],"16":[0,0],"17":[0,0],"18":[0,0],"19":[0,0]},"_coverageSchema":"1a1c01bbd47fc00a2c39e90264f33305004495a9","hash":"d029ac2e0642f7e8e85713c55ee89eddcfd5fa46"}
,"/home/codio/workspace/backend/backendapi/routes/reviews.js": {"path":"/home/codio/workspace/backend/backendapi/routes/reviews.js","statementMap":{"0":{"start":{"line":1,"column":15},"end":{"line":1,"column":36}},"1":{"start":{"line":2,"column":19},"end":{"line":2,"column":44}},"2":{"start":{"line":3,"column":14},"end":{"line":3,"column":42}},"3":{"start":{"line":4,"column":13},"end":{"line":4,"column":43}},"4":{"start":{"line":5,"column":25},"end":{"line":5,"column":61}},"5":{"start":{"line":6,"column":12},"end":{"line":6,"column":45}},"6":{"start":{"line":7,"column":17},"end":{"line":7,"column":45}},"7":{"start":{"line":10,"column":15},"end":{"line":10,"column":50}},"8":{"start":{"line":12,"column":0},"end":{"line":12,"column":24}},"9":{"start":{"line":13,"column":0},"end":{"line":13,"column":107}},"10":{"start":{"line":14,"column":0},"end":{"line":14,"column":39}},"11":{"start":{"line":15,"column":0},"end":{"line":15,"column":97}},"12":{"start":{"line":16,"column":0},"end":{"line":16,"column":66}},"13":{"start":{"line":18,"column":0},"end":{"line":18,"column":53}},"14":{"start":{"line":19,"column":0},"end":{"line":19,"column":52}},"15":{"start":{"line":22,"column":16},"end":{"line":22,"column":36}},"16":{"start":{"line":23,"column":2},"end":{"line":31,"column":3}},"17":{"start":{"line":24,"column":4},"end":{"line":30,"column":8}},"18":{"start":{"line":24,"column":38},"end":{"line":30,"column":5}},"19":{"start":{"line":35,"column":11},"end":{"line":35,"column":24}},"20":{"start":{"line":36,"column":15},"end":{"line":36,"column":38}},"21":{"start":{"line":37,"column":2},"end":{"line":46,"column":3}},"22":{"start":{"line":38,"column":4},"end":{"line":45,"column":6}},"23":{"start":{"line":50,"column":17},"end":{"line":50,"column":34}},"24":{"start":{"line":51,"column":17},"end":{"line":51,"column":34}},"25":{"start":{"line":53,"column":21},"end":{"line":53,"column":47}},"26":{"start":{"line":55,"column":2},"end":{"line":59,"column":3}},"27":{"start":{"line":56,"column":4},"end":{"line":56,"column":21}},"28":{"start":{"line":57,"column":4},"end":{"line":57,"column":57}},"29":{"start":{"line":58,"column":4},"end":{"line":58,"column":11}},"30":{"start":{"line":61,"column":33},"end":{"line":61,"column":49}},"31":{"start":{"line":62,"column":21},"end":{"line":67,"column":3}},"32":{"start":{"line":69,"column":15},"end":{"line":69,"column":42}},"33":{"start":{"line":70,"column":2},"end":{"line":83,"column":3}},"34":{"start":{"line":71,"column":4},"end":{"line":71,"column":21}},"35":{"start":{"line":72,"column":4},"end":{"line":79,"column":6}},"36":{"start":{"line":81,"column":4},"end":{"line":81,"column":21}},"37":{"start":{"line":82,"column":4},"end":{"line":82,"column":52}},"38":{"start":{"line":87,"column":13},"end":{"line":87,"column":26}},"39":{"start":{"line":88,"column":15},"end":{"line":88,"column":38}},"40":{"start":{"line":89,"column":2},"end":{"line":93,"column":3}},"41":{"start":{"line":90,"column":4},"end":{"line":90,"column":21}},"42":{"start":{"line":91,"column":4},"end":{"line":91,"column":43}},"43":{"start":{"line":92,"column":4},"end":{"line":92,"column":11}},"44":{"start":{"line":94,"column":2},"end":{"line":94,"column":30}},"45":{"start":{"line":95,"column":21},"end":{"line":95,"column":56}},"46":{"start":{"line":96,"column":2},"end":{"line":100,"column":3}},"47":{"start":{"line":97,"column":4},"end":{"line":97,"column":21}},"48":{"start":{"line":98,"column":4},"end":{"line":98,"column":58}},"49":{"start":{"line":99,"column":4},"end":{"line":99,"column":11}},"50":{"start":{"line":102,"column":21},"end":{"line":102,"column":37}},"51":{"start":{"line":103,"column":17},"end":{"line":103,"column":51}},"52":{"start":{"line":104,"column":2},"end":{"line":116,"column":3}},"53":{"start":{"line":105,"column":4},"end":{"line":105,"column":21}},"54":{"start":{"line":106,"column":4},"end":{"line":112,"column":6}},"55":{"start":{"line":114,"column":4},"end":{"line":114,"column":21}},"56":{"start":{"line":115,"column":4},"end":{"line":115,"column":50}},"57":{"start":{"line":119,"column":13},"end":{"line":119,"column":26}},"58":{"start":{"line":120,"column":17},"end":{"line":120,"column":40}},"59":{"start":{"line":121,"column":2},"end":{"line":125,"column":3}},"60":{"start":{"line":122,"column":4},"end":{"line":122,"column":21}},"61":{"start":{"line":123,"column":4},"end":{"line":123,"column":45}},"62":{"start":{"line":124,"column":4},"end":{"line":124,"column":11}},"63":{"start":{"line":126,"column":21},"end":{"line":126,"column":58}},"64":{"start":{"line":127,"column":2},"end":{"line":131,"column":3}},"65":{"start":{"line":128,"column":4},"end":{"line":128,"column":21}},"66":{"start":{"line":129,"column":4},"end":{"line":129,"column":62}},"67":{"start":{"line":130,"column":4},"end":{"line":130,"column":11}},"68":{"start":{"line":133,"column":17},"end":{"line":133,"column":39}},"69":{"start":{"line":134,"column":2},"end":{"line":145,"column":3}},"70":{"start":{"line":135,"column":4},"end":{"line":135,"column":21}},"71":{"start":{"line":136,"column":4},"end":{"line":141,"column":6}},"72":{"start":{"line":143,"column":4},"end":{"line":143,"column":21}},"73":{"start":{"line":144,"column":4},"end":{"line":144,"column":52}},"74":{"start":{"line":149,"column":17},"end":{"line":149,"column":34}},"75":{"start":{"line":150,"column":2},"end":{"line":150,"column":22}},"76":{"start":{"line":151,"column":18},"end":{"line":151,"column":49}},"77":{"start":{"line":152,"column":2},"end":{"line":163,"column":3}},"78":{"start":{"line":153,"column":4},"end":{"line":159,"column":8}},"79":{"start":{"line":153,"column":38},"end":{"line":159,"column":5}},"80":{"start":{"line":161,"column":4},"end":{"line":161,"column":21}},"81":{"start":{"line":162,"column":4},"end":{"line":162,"column":59}},"82":{"start":{"line":167,"column":17},"end":{"line":167,"column":34}},"83":{"start":{"line":168,"column":2},"end":{"line":168,"column":22}},"84":{"start":{"line":169,"column":18},"end":{"line":169,"column":49}},"85":{"start":{"line":170,"column":2},"end":{"line":182,"column":3}},"86":{"start":{"line":171,"column":4},"end":{"line":178,"column":8}},"87":{"start":{"line":171,"column":38},"end":{"line":178,"column":5}},"88":{"start":{"line":180,"column":4},"end":{"line":180,"column":21}},"89":{"start":{"line":181,"column":4},"end":{"line":181,"column":57}},"90":{"start":{"line":186,"column":0},"end":{"line":186,"column":24}}},"fnMap":{"0":{"name":"getAll","decl":{"start":{"line":21,"column":15},"end":{"line":21,"column":21}},"loc":{"start":{"line":21,"column":27},"end":{"line":32,"column":1}},"line":21},"1":{"name":"(anonymous_1)","decl":{"start":{"line":24,"column":27},"end":{"line":24,"column":28}},"loc":{"start":{"line":24,"column":38},"end":{"line":30,"column":5}},"line":24},"2":{"name":"getById","decl":{"start":{"line":34,"column":15},"end":{"line":34,"column":22}},"loc":{"start":{"line":34,"column":28},"end":{"line":47,"column":1}},"line":34},"3":{"name":"createReview","decl":{"start":{"line":49,"column":15},"end":{"line":49,"column":27}},"loc":{"start":{"line":49,"column":33},"end":{"line":84,"column":1}},"line":49},"4":{"name":"updateReview","decl":{"start":{"line":86,"column":15},"end":{"line":86,"column":27}},"loc":{"start":{"line":86,"column":33},"end":{"line":117,"column":1}},"line":86},"5":{"name":"deleteReview","decl":{"start":{"line":118,"column":15},"end":{"line":118,"column":27}},"loc":{"start":{"line":118,"column":33},"end":{"line":146,"column":1}},"line":118},"6":{"name":"getByBookId","decl":{"start":{"line":148,"column":15},"end":{"line":148,"column":26}},"loc":{"start":{"line":148,"column":32},"end":{"line":164,"column":1}},"line":148},"7":{"name":"(anonymous_7)","decl":{"start":{"line":153,"column":27},"end":{"line":153,"column":28}},"loc":{"start":{"line":153,"column":38},"end":{"line":159,"column":5}},"line":153},"8":{"name":"getByUserId","decl":{"start":{"line":166,"column":15},"end":{"line":166,"column":26}},"loc":{"start":{"line":166,"column":31},"end":{"line":183,"column":1}},"line":166},"9":{"name":"(anonymous_9)","decl":{"start":{"line":171,"column":27},"end":{"line":171,"column":28}},"loc":{"start":{"line":171,"column":38},"end":{"line":178,"column":5}},"line":171}},"branchMap":{"0":{"loc":{"start":{"line":23,"column":2},"end":{"line":31,"column":3}},"type":"if","locations":[{"start":{"line":23,"column":2},"end":{"line":31,"column":3}},{"start":{},"end":{}}],"line":23},"1":{"loc":{"start":{"line":37,"column":2},"end":{"line":46,"column":3}},"type":"if","locations":[{"start":{"line":37,"column":2},"end":{"line":46,"column":3}},{"start":{},"end":{}}],"line":37},"2":{"loc":{"start":{"line":55,"column":2},"end":{"line":59,"column":3}},"type":"if","locations":[{"start":{"line":55,"column":2},"end":{"line":59,"column":3}},{"start":{},"end":{}}],"line":55},"3":{"loc":{"start":{"line":70,"column":2},"end":{"line":83,"column":3}},"type":"if","locations":[{"start":{"line":70,"column":2},"end":{"line":83,"column":3}},{"start":{"line":80,"column":9},"end":{"line":83,"column":3}}],"line":70},"4":{"loc":{"start":{"line":89,"column":2},"end":{"line":93,"column":3}},"type":"if","locations":[{"start":{"line":89,"column":2},"end":{"line":93,"column":3}},{"start":{},"end":{}}],"line":89},"5":{"loc":{"start":{"line":96,"column":2},"end":{"line":100,"column":3}},"type":"if","locations":[{"start":{"line":96,"column":2},"end":{"line":100,"column":3}},{"start":{},"end":{}}],"line":96},"6":{"loc":{"start":{"line":104,"column":2},"end":{"line":116,"column":3}},"type":"if","locations":[{"start":{"line":104,"column":2},"end":{"line":116,"column":3}},{"start":{"line":113,"column":9},"end":{"line":116,"column":3}}],"line":104},"7":{"loc":{"start":{"line":121,"column":2},"end":{"line":125,"column":3}},"type":"if","locations":[{"start":{"line":121,"column":2},"end":{"line":125,"column":3}},{"start":{},"end":{}}],"line":121},"8":{"loc":{"start":{"line":127,"column":2},"end":{"line":131,"column":3}},"type":"if","locations":[{"start":{"line":127,"column":2},"end":{"line":131,"column":3}},{"start":{},"end":{}}],"line":127},"9":{"loc":{"start":{"line":134,"column":2},"end":{"line":145,"column":3}},"type":"if","locations":[{"start":{"line":134,"column":2},"end":{"line":145,"column":3}},{"start":{"line":142,"column":9},"end":{"line":145,"column":3}}],"line":134},"10":{"loc":{"start":{"line":152,"column":2},"end":{"line":163,"column":3}},"type":"if","locations":[{"start":{"line":152,"column":2},"end":{"line":163,"column":3}},{"start":{"line":160,"column":9},"end":{"line":163,"column":3}}],"line":152},"11":{"loc":{"start":{"line":152,"column":6},"end":{"line":152,"column":31}},"type":"binary-expr","locations":[{"start":{"line":152,"column":6},"end":{"line":152,"column":13}},{"start":{"line":152,"column":17},"end":{"line":152,"column":31}}],"line":152},"12":{"loc":{"start":{"line":170,"column":2},"end":{"line":182,"column":3}},"type":"if","locations":[{"start":{"line":170,"column":2},"end":{"line":182,"column":3}},{"start":{"line":179,"column":7},"end":{"line":182,"column":3}}],"line":170},"13":{"loc":{"start":{"line":170,"column":6},"end":{"line":170,"column":31}},"type":"binary-expr","locations":[{"start":{"line":170,"column":6},"end":{"line":170,"column":13}},{"start":{"line":170,"column":17},"end":{"line":170,"column":31}}],"line":170}},"s":{"0":4,"1":4,"2":4,"3":4,"4":4,"5":4,"6":4,"7":4,"8":4,"9":4,"10":4,"11":4,"12":4,"13":4,"14":4,"15":0,"16":0,"17":0,"18":0,"19":0,"20":0,"21":0,"22":0,"23":2,"24":2,"25":2,"26":2,"27":0,"28":0,"29":0,"30":2,"31":2,"32":2,"33":2,"34":2,"35":2,"36":0,"37":0,"38":3,"39":3,"40":3,"41":0,"42":0,"43":0,"44":3,"45":3,"46":3,"47":1,"48":1,"49":1,"50":2,"51":2,"52":2,"53":2,"54":2,"55":0,"56":0,"57":3,"58":3,"59":3,"60":0,"61":0,"62":0,"63":3,"64":3,"65":1,"66":1,"67":1,"68":2,"69":2,"70":2,"71":2,"72":0,"73":0,"74":2,"75":2,"76":2,"77":2,"78":2,"79":2,"80":0,"81":0,"82":0,"83":0,"84":0,"85":0,"86":0,"87":0,"88":0,"89":0,"90":4},"f":{"0":0,"1":0,"2":0,"3":2,"4":3,"5":3,"6":2,"7":2,"8":0,"9":0},"b":{"0":[0,0],"1":[0,0],"2":[0,2],"3":[2,0],"4":[0,3],"5":[1,2],"6":[2,0],"7":[0,3],"8":[1,2],"9":[2,0],"10":[2,0],"11":[2,2],"12":[0,0],"13":[0,0]},"_coverageSchema":"1a1c01bbd47fc00a2c39e90264f33305004495a9","hash":"f2ed324eac8ead8dbb82e9da28f57726c026a8d8"}
,"/home/codio/workspace/backend/backendapi/routes/special.js": {"path":"/home/codio/workspace/backend/backendapi/routes/special.js","statementMap":{"0":{"start":{"line":1,"column":15},"end":{"line":1,"column":36}},"1":{"start":{"line":2,"column":19},"end":{"line":2,"column":44}},"2":{"start":{"line":3,"column":13},"end":{"line":3,"column":43}},"3":{"start":{"line":5,"column":15},"end":{"line":5,"column":42}},"4":{"start":{"line":7,"column":0},"end":{"line":7,"column":27}},"5":{"start":{"line":8,"column":0},"end":{"line":8,"column":41}},"6":{"start":{"line":11,"column":2},"end":{"line":11,"column":88}},"7":{"start":{"line":15,"column":15},"end":{"line":15,"column":29}},"8":{"start":{"line":16,"column":2},"end":{"line":16,"column":89}},"9":{"start":{"line":19,"column":0},"end":{"line":19,"column":24}}},"fnMap":{"0":{"name":"publicAPI","decl":{"start":{"line":10,"column":9},"end":{"line":10,"column":18}},"loc":{"start":{"line":10,"column":24},"end":{"line":12,"column":1}},"line":10},"1":{"name":"privateAPI","decl":{"start":{"line":14,"column":9},"end":{"line":14,"column":19}},"loc":{"start":{"line":14,"column":25},"end":{"line":17,"column":1}},"line":14}},"branchMap":{},"s":{"0":4,"1":4,"2":4,"3":4,"4":4,"5":4,"6":0,"7":0,"8":0,"9":4},"f":{"0":0,"1":0},"b":{},"_coverageSchema":"1a1c01bbd47fc00a2c39e90264f33305004495a9","hash":"78828c931b539ef244f92459040d73e961411023"}
,"/home/codio/workspace/backend/backendapi/routes/users.js": {"path":"/home/codio/workspace/backend/backendapi/routes/users.js","statementMap":{"0":{"start":{"line":1,"column":15},"end":{"line":1,"column":36}},"1":{"start":{"line":2,"column":19},"end":{"line":2,"column":44}},"2":{"start":{"line":3,"column":14},"end":{"line":3,"column":40}},"3":{"start":{"line":4,"column":13},"end":{"line":4,"column":43}},"4":{"start":{"line":5,"column":15},"end":{"line":5,"column":32}},"5":{"start":{"line":6,"column":23},"end":{"line":6,"column":59}},"6":{"start":{"line":7,"column":12},"end":{"line":7,"column":43}},"7":{"start":{"line":8,"column":17},"end":{"line":8,"column":45}},"8":{"start":{"line":10,"column":14},"end":{"line":10,"column":29}},"9":{"start":{"line":11,"column":15},"end":{"line":11,"column":39}},"10":{"start":{"line":13,"column":0},"end":{"line":13,"column":58}},"11":{"start":{"line":14,"column":0},"end":{"line":14,"column":42}},"12":{"start":{"line":15,"column":0},"end":{"line":15,"column":57}},"13":{"start":{"line":16,"column":0},"end":{"line":16,"column":60}},"14":{"start":{"line":17,"column":0},"end":{"line":17,"column":85}},"15":{"start":{"line":18,"column":0},"end":{"line":18,"column":71}},"16":{"start":{"line":21,"column":21},"end":{"line":21,"column":48}},"17":{"start":{"line":22,"column":2},"end":{"line":38,"column":3}},"18":{"start":{"line":23,"column":4},"end":{"line":23,"column":21}},"19":{"start":{"line":25,"column":19},"end":{"line":25,"column":39}},"20":{"start":{"line":26,"column":4},"end":{"line":37,"column":5}},"21":{"start":{"line":27,"column":6},"end":{"line":36,"column":10}},"22":{"start":{"line":27,"column":37},"end":{"line":36,"column":7}},"23":{"start":{"line":42,"column":13},"end":{"line":42,"column":26}},"24":{"start":{"line":43,"column":17},"end":{"line":43,"column":40}},"25":{"start":{"line":44,"column":2},"end":{"line":47,"column":3}},"26":{"start":{"line":45,"column":17},"end":{"line":45,"column":26}},"27":{"start":{"line":46,"column":4},"end":{"line":46,"column":20}},"28":{"start":{"line":51,"column":15},"end":{"line":51,"column":31}},"29":{"start":{"line":52,"column":15},"end":{"line":52,"column":49}},"30":{"start":{"line":53,"column":2},"end":{"line":53,"column":23}},"31":{"start":{"line":54,"column":17},"end":{"line":54,"column":38}},"32":{"start":{"line":55,"column":2},"end":{"line":59,"column":3}},"33":{"start":{"line":56,"column":15},"end":{"line":56,"column":30}},"34":{"start":{"line":57,"column":4},"end":{"line":57,"column":21}},"35":{"start":{"line":58,"column":4},"end":{"line":58,"column":72}},"36":{"start":{"line":63,"column":13},"end":{"line":63,"column":26}},"37":{"start":{"line":64,"column":15},"end":{"line":64,"column":38}},"38":{"start":{"line":65,"column":2},"end":{"line":82,"column":3}},"39":{"start":{"line":66,"column":15},"end":{"line":66,"column":24}},"40":{"start":{"line":67,"column":38},"end":{"line":67,"column":54}},"41":{"start":{"line":68,"column":4},"end":{"line":68,"column":30}},"42":{"start":{"line":69,"column":4},"end":{"line":69,"column":38}},"43":{"start":{"line":70,"column":4},"end":{"line":81,"column":5}},"44":{"start":{"line":71,"column":6},"end":{"line":80,"column":8}},"45":{"start":{"line":86,"column":13},"end":{"line":86,"column":26}},"46":{"start":{"line":87,"column":17},"end":{"line":87,"column":40}},"47":{"start":{"line":88,"column":2},"end":{"line":94,"column":3}},"48":{"start":{"line":89,"column":4},"end":{"line":89,"column":21}},"49":{"start":{"line":90,"column":4},"end":{"line":90,"column":39}},"50":{"start":{"line":92,"column":4},"end":{"line":92,"column":21}},"51":{"start":{"line":93,"column":4},"end":{"line":93,"column":41}},"52":{"start":{"line":106,"column":33},"end":{"line":106,"column":49}},"53":{"start":{"line":109,"column":16},"end":{"line":109,"column":52}},"54":{"start":{"line":110,"column":2},"end":{"line":150,"column":3}},"55":{"start":{"line":111,"column":17},"end":{"line":111,"column":25}},"56":{"start":{"line":114,"column":4},"end":{"line":145,"column":5}},"57":{"start":{"line":116,"column":20},"end":{"line":116,"column":48}},"58":{"start":{"line":119,"column":19},"end":{"line":125,"column":9}},"59":{"start":{"line":128,"column":6},"end":{"line":128,"column":23}},"60":{"start":{"line":129,"column":6},"end":{"line":140,"column":8}},"61":{"start":{"line":143,"column":6},"end":{"line":143,"column":23}},"62":{"start":{"line":144,"column":6},"end":{"line":144,"column":54}},"63":{"start":{"line":148,"column":4},"end":{"line":148,"column":21}},"64":{"start":{"line":149,"column":4},"end":{"line":149,"column":45}},"65":{"start":{"line":153,"column":0},"end":{"line":153,"column":24}}},"fnMap":{"0":{"name":"getAll","decl":{"start":{"line":20,"column":15},"end":{"line":20,"column":21}},"loc":{"start":{"line":20,"column":27},"end":{"line":39,"column":1}},"line":20},"1":{"name":"(anonymous_1)","decl":{"start":{"line":27,"column":28},"end":{"line":27,"column":29}},"loc":{"start":{"line":27,"column":37},"end":{"line":36,"column":7}},"line":27},"2":{"name":"getById","decl":{"start":{"line":41,"column":15},"end":{"line":41,"column":22}},"loc":{"start":{"line":41,"column":28},"end":{"line":48,"column":1}},"line":41},"3":{"name":"createUser","decl":{"start":{"line":50,"column":15},"end":{"line":50,"column":25}},"loc":{"start":{"line":50,"column":31},"end":{"line":60,"column":1}},"line":50},"4":{"name":"updateUser","decl":{"start":{"line":62,"column":15},"end":{"line":62,"column":25}},"loc":{"start":{"line":62,"column":31},"end":{"line":83,"column":1}},"line":62},"5":{"name":"deleteUser","decl":{"start":{"line":85,"column":15},"end":{"line":85,"column":25}},"loc":{"start":{"line":85,"column":31},"end":{"line":95,"column":1}},"line":85},"6":{"name":"login","decl":{"start":{"line":105,"column":15},"end":{"line":105,"column":20}},"loc":{"start":{"line":105,"column":26},"end":{"line":151,"column":1}},"line":105}},"branchMap":{"0":{"loc":{"start":{"line":22,"column":2},"end":{"line":38,"column":3}},"type":"if","locations":[{"start":{"line":22,"column":2},"end":{"line":38,"column":3}},{"start":{"line":24,"column":9},"end":{"line":38,"column":3}}],"line":22},"1":{"loc":{"start":{"line":26,"column":4},"end":{"line":37,"column":5}},"type":"if","locations":[{"start":{"line":26,"column":4},"end":{"line":37,"column":5}},{"start":{},"end":{}}],"line":26},"2":{"loc":{"start":{"line":44,"column":2},"end":{"line":47,"column":3}},"type":"if","locations":[{"start":{"line":44,"column":2},"end":{"line":47,"column":3}},{"start":{},"end":{}}],"line":44},"3":{"loc":{"start":{"line":55,"column":2},"end":{"line":59,"column":3}},"type":"if","locations":[{"start":{"line":55,"column":2},"end":{"line":59,"column":3}},{"start":{},"end":{}}],"line":55},"4":{"loc":{"start":{"line":65,"column":2},"end":{"line":82,"column":3}},"type":"if","locations":[{"start":{"line":65,"column":2},"end":{"line":82,"column":3}},{"start":{},"end":{}}],"line":65},"5":{"loc":{"start":{"line":70,"column":4},"end":{"line":81,"column":5}},"type":"if","locations":[{"start":{"line":70,"column":4},"end":{"line":81,"column":5}},{"start":{},"end":{}}],"line":70},"6":{"loc":{"start":{"line":88,"column":2},"end":{"line":94,"column":3}},"type":"if","locations":[{"start":{"line":88,"column":2},"end":{"line":94,"column":3}},{"start":{"line":91,"column":9},"end":{"line":94,"column":3}}],"line":88},"7":{"loc":{"start":{"line":110,"column":2},"end":{"line":150,"column":3}},"type":"if","locations":[{"start":{"line":110,"column":2},"end":{"line":150,"column":3}},{"start":{"line":146,"column":9},"end":{"line":150,"column":3}}],"line":110},"8":{"loc":{"start":{"line":114,"column":4},"end":{"line":145,"column":5}},"type":"if","locations":[{"start":{"line":114,"column":4},"end":{"line":145,"column":5}},{"start":{"line":141,"column":11},"end":{"line":145,"column":5}}],"line":114}},"s":{"0":4,"1":4,"2":4,"3":4,"4":4,"5":4,"6":4,"7":4,"8":4,"9":4,"10":4,"11":4,"12":4,"13":4,"14":4,"15":4,"16":0,"17":0,"18":0,"19":0,"20":0,"21":0,"22":0,"23":2,"24":2,"25":2,"26":1,"27":1,"28":1,"29":1,"30":1,"31":1,"32":1,"33":1,"34":1,"35":1,"36":2,"37":2,"38":2,"39":1,"40":1,"41":1,"42":1,"43":1,"44":1,"45":2,"46":2,"47":2,"48":1,"49":1,"50":1,"51":1,"52":9,"53":9,"54":9,"55":9,"56":9,"57":8,"58":8,"59":8,"60":8,"61":1,"62":1,"63":0,"64":0,"65":4},"f":{"0":0,"1":0,"2":2,"3":1,"4":2,"5":2,"6":9},"b":{"0":[0,0],"1":[0,0],"2":[1,1],"3":[1,0],"4":[1,1],"5":[1,0],"6":[1,1],"7":[9,0],"8":[8,1]},"_coverageSchema":"1a1c01bbd47fc00a2c39e90264f33305004495a9","hash":"40a0dfc4dd9b27d3fa7272365aa75ec4dd057d02"}
,"/home/codio/workspace/backend/backendapi/schemas/author.schema.js": {"path":"/home/codio/workspace/backend/backendapi/schemas/author.schema.js","statementMap":{"0":{"start":{"line":1,"column":0},"end":{"line":39,"column":1}}},"fnMap":{},"branchMap":{},"s":{"0":4},"f":{},"b":{},"_coverageSchema":"1a1c01bbd47fc00a2c39e90264f33305004495a9","hash":"0e71da803ea4117f3dfe2737e0a8a0acf8e819ee"}
,"/home/codio/workspace/backend/backendapi/schemas/book.schema.js": {"path":"/home/codio/workspace/backend/backendapi/schemas/book.schema.js","statementMap":{"0":{"start":{"line":1,"column":0},"end":{"line":43,"column":1}}},"fnMap":{},"branchMap":{},"s":{"0":4},"f":{},"b":{},"_coverageSchema":"1a1c01bbd47fc00a2c39e90264f33305004495a9","hash":"06926f5574a052d63ff934a6b3c2c33dfc7a1eb9"}
,"/home/codio/workspace/backend/backendapi/schemas/review.schema.js": {"path":"/home/codio/workspace/backend/backendapi/schemas/review.schema.js","statementMap":{"0":{"start":{"line":1,"column":0},"end":{"line":32,"column":1}}},"fnMap":{},"branchMap":{},"s":{"0":4},"f":{},"b":{},"_coverageSchema":"1a1c01bbd47fc00a2c39e90264f33305004495a9","hash":"c8859489b3fde595fce4910ba9eadef536964a7e"}
,"/home/codio/workspace/backend/backendapi/schemas/user.schema.js": {"path":"/home/codio/workspace/backend/backendapi/schemas/user.schema.js","statementMap":{"0":{"start":{"line":1,"column":0},"end":{"line":54,"column":1}}},"fnMap":{},"branchMap":{},"s":{"0":4},"f":{},"b":{},"_coverageSchema":"1a1c01bbd47fc00a2c39e90264f33305004495a9","hash":"7cd668f974608ed298424c5a5f0dc3eae7c52f1e"}
,"/home/codio/workspace/backend/backendapi/strategies/basic.js": {"path":"/home/codio/workspace/backend/backendapi/strategies/basic.js","statementMap":{"0":{"start":{"line":1,"column":22},"end":{"line":1,"column":60}},"1":{"start":{"line":2,"column":14},"end":{"line":2,"column":40}},"2":{"start":{"line":3,"column":15},"end":{"line":3,"column":32}},"3":{"start":{"line":5,"column":23},"end":{"line":7,"column":1}},"4":{"start":{"line":6,"column":2},"end":{"line":6,"column":53}},"5":{"start":{"line":8,"column":25},"end":{"line":32,"column":1}},"6":{"start":{"line":13,"column":2},"end":{"line":18,"column":3}},"7":{"start":{"line":14,"column":4},"end":{"line":14,"column":50}},"8":{"start":{"line":16,"column":4},"end":{"line":16,"column":70}},"9":{"start":{"line":17,"column":4},"end":{"line":17,"column":23}},"10":{"start":{"line":20,"column":2},"end":{"line":30,"column":3}},"11":{"start":{"line":21,"column":17},"end":{"line":21,"column":26}},"12":{"start":{"line":22,"column":4},"end":{"line":27,"column":5}},"13":{"start":{"line":23,"column":6},"end":{"line":23,"column":65}},"14":{"start":{"line":24,"column":6},"end":{"line":24,"column":30}},"15":{"start":{"line":26,"column":6},"end":{"line":26,"column":61}},"16":{"start":{"line":29,"column":4},"end":{"line":29,"column":59}},"17":{"start":{"line":31,"column":2},"end":{"line":31,"column":27}},"18":{"start":{"line":34,"column":17},"end":{"line":34,"column":52}},"19":{"start":{"line":35,"column":0},"end":{"line":35,"column":26}}},"fnMap":{"0":{"name":"(anonymous_0)","decl":{"start":{"line":5,"column":23},"end":{"line":5,"column":24}},"loc":{"start":{"line":5,"column":49},"end":{"line":7,"column":1}},"line":5},"1":{"name":"(anonymous_1)","decl":{"start":{"line":8,"column":25},"end":{"line":8,"column":26}},"loc":{"start":{"line":8,"column":61},"end":{"line":32,"column":1}},"line":8}},"branchMap":{"0":{"loc":{"start":{"line":20,"column":2},"end":{"line":30,"column":3}},"type":"if","locations":[{"start":{"line":20,"column":2},"end":{"line":30,"column":3}},{"start":{"line":28,"column":9},"end":{"line":30,"column":3}}],"line":20},"1":{"loc":{"start":{"line":22,"column":4},"end":{"line":27,"column":5}},"type":"if","locations":[{"start":{"line":22,"column":4},"end":{"line":27,"column":5}},{"start":{"line":25,"column":11},"end":{"line":27,"column":5}}],"line":22}},"s":{"0":4,"1":4,"2":4,"3":4,"4":0,"5":4,"6":0,"7":0,"8":0,"9":0,"10":0,"11":0,"12":0,"13":0,"14":0,"15":0,"16":0,"17":0,"18":4,"19":4},"f":{"0":0,"1":0},"b":{"0":[0,0],"1":[0,0]},"_coverageSchema":"1a1c01bbd47fc00a2c39e90264f33305004495a9","hash":"91d1a16194333a0af2ba5f29b39b7419b99dda3e"}
,"/home/codio/workspace/backend/backendapi/strategies/jwt.js": {"path":"/home/codio/workspace/backend/backendapi/strategies/jwt.js","statementMap":{"0":{"start":{"line":1,"column":12},"end":{"line":1,"column":35}},"1":{"start":{"line":2,"column":18},"end":{"line":2,"column":35}},"2":{"start":{"line":5,"column":0},"end":{"line":12,"column":2}},"3":{"start":{"line":6,"column":18},"end":{"line":10,"column":3}},"4":{"start":{"line":11,"column":2},"end":{"line":11,"column":59}},"5":{"start":{"line":15,"column":0},"end":{"line":32,"column":2}},"6":{"start":{"line":16,"column":16},"end":{"line":16,"column":59}},"7":{"start":{"line":17,"column":2},"end":{"line":31,"column":3}},"8":{"start":{"line":18,"column":4},"end":{"line":27,"column":5}},"9":{"start":{"line":19,"column":22},"end":{"line":19,"column":50}},"10":{"start":{"line":20,"column":6},"end":{"line":20,"column":45}},"11":{"start":{"line":21,"column":6},"end":{"line":21,"column":31}},"12":{"start":{"line":22,"column":6},"end":{"line":22,"column":19}},"13":{"start":{"line":24,"column":6},"end":{"line":24,"column":51}},"14":{"start":{"line":25,"column":6},"end":{"line":25,"column":23}},"15":{"start":{"line":26,"column":6},"end":{"line":26,"column":44}},"16":{"start":{"line":29,"column":4},"end":{"line":29,"column":21}},"17":{"start":{"line":30,"column":4},"end":{"line":30,"column":46}}},"fnMap":{"0":{"name":"(anonymous_0)","decl":{"start":{"line":5,"column":24},"end":{"line":5,"column":25}},"loc":{"start":{"line":5,"column":34},"end":{"line":12,"column":1}},"line":5},"1":{"name":"(anonymous_1)","decl":{"start":{"line":15,"column":22},"end":{"line":15,"column":23}},"loc":{"start":{"line":15,"column":43},"end":{"line":32,"column":1}},"line":15}},"branchMap":{"0":{"loc":{"start":{"line":17,"column":2},"end":{"line":31,"column":3}},"type":"if","locations":[{"start":{"line":17,"column":2},"end":{"line":31,"column":3}},{"start":{"line":28,"column":9},"end":{"line":31,"column":3}}],"line":17}},"s":{"0":4,"1":4,"2":4,"3":8,"4":8,"5":4,"6":26,"7":26,"8":25,"9":25,"10":24,"11":24,"12":24,"13":1,"14":1,"15":1,"16":1,"17":1},"f":{"0":8,"1":26},"b":{"0":[25,1]},"_coverageSchema":"1a1c01bbd47fc00a2c39e90264f33305004495a9","hash":"491ebaa026581bb156857428e7f38466b4c77c18"}
}
