TN:
SF:app.js
FNF:0
FNH:0
DA:1,4
DA:3,4
DA:4,4
DA:5,4
DA:6,4
DA:7,4
DA:8,4
DA:9,4
DA:11,4
DA:16,4
DA:17,4
DA:18,4
DA:19,4
DA:20,4
DA:23,4
DA:26,4
LF:16
LH:16
BRDA:23,0,0,4
BRDA:23,0,1,4
BRF:2
BRH:2
end_of_record
TN:
SF:config.js
FNF:0
FNH:0
DA:3,4
LF:1
LH:1
BRDA:4,0,0,4
BRDA:4,0,1,4
BRDA:5,1,0,4
BRDA:5,1,1,4
BRDA:6,2,0,4
BRDA:6,2,1,4
BRDA:7,3,0,4
BRDA:7,3,1,4
BRDA:8,4,0,4
BRDA:8,4,1,0
BRF:10
BRH:9
end_of_record
TN:
SF:controllers/auth.js
FNF:0
FNH:0
DA:1,4
DA:2,4
DA:4,4
DA:6,4
LF:4
LH:4
BRF:0
BRH:0
end_of_record
TN:
SF:controllers/validation.js
FN:8,(anonymous_0)
FN:31,(anonymous_1)
FN:53,(anonymous_2)
FN:73,(anonymous_3)
FNF:4
FNH:4
FNDA:2,(anonymous_0)
FNDA:5,(anonymous_1)
FNDA:1,(anonymous_2)
FNDA:4,(anonymous_3)
DA:1,4
DA:2,4
DA:3,4
DA:4,4
DA:5,4
DA:6,4
DA:8,4
DA:10,2
DA:15,2
DA:17,2
DA:18,2
DA:19,2
DA:21,0
DA:22,0
DA:23,0
DA:24,0
DA:26,0
DA:31,4
DA:32,5
DA:37,5
DA:38,5
DA:39,5
DA:40,5
DA:42,0
DA:43,0
DA:44,0
DA:45,0
DA:47,0
DA:53,4
DA:54,1
DA:59,1
DA:60,1
DA:61,1
DA:62,1
DA:64,0
DA:65,0
DA:66,0
DA:67,0
DA:69,0
DA:73,4
DA:74,4
DA:79,4
DA:81,4
DA:82,4
DA:83,4
DA:85,0
DA:86,0
DA:87,0
DA:88,0
DA:90,0
LF:50
LH:30
BRDA:21,0,0,0
BRDA:21,0,1,0
BRDA:42,1,0,0
BRDA:42,1,1,0
BRDA:64,2,0,0
BRDA:64,2,1,0
BRDA:85,3,0,0
BRDA:85,3,1,0
BRF:8
BRH:0
end_of_record
TN:
SF:helpers/database.js
FN:6,run_query
FNF:1
FNH:1
FNDA:54,run_query
DA:1,4
DA:2,4
DA:6,4
DA:7,54
DA:8,54
DA:9,54
DA:10,54
DA:11,54
DA:16,0
DA:17,0
LF:10
LH:8
BRF:0
BRH:0
end_of_record
TN:
SF:models/authors.js
FN:4,getById
FN:12,getAll
FN:19,add
FN:26,updateAuthor
FN:33,deleteAuthor
FN:41,getAuthorByBookId
FNF:6
FNH:5
FNDA:7,getById
FNDA:0,getAll
FNDA:1,add
FNDA:1,updateAuthor
FNDA:1,deleteAuthor
FNDA:3,getAuthorByBookId
DA:1,4
DA:4,4
DA:5,7
DA:6,7
DA:7,7
DA:8,7
DA:12,4
DA:13,0
DA:14,0
DA:15,0
DA:19,4
DA:20,1
DA:21,1
DA:22,1
DA:26,4
DA:27,1
DA:28,1
DA:29,1
DA:33,4
DA:34,1
DA:35,1
DA:36,1
DA:37,1
DA:41,4
DA:42,3
DA:47,3
DA:48,3
DA:49,3
LF:28
LH:25
BRF:0
BRH:0
end_of_record
TN:
SF:models/books.js
FN:4,getById
FN:12,getAll
FN:19,add
FN:25,updateBook
FN:31,deleteBook
FN:38,getByAuthorId
FNF:6
FNH:3
FNDA:8,getById
FNDA:0,getAll
FNDA:0,add
FNDA:1,updateBook
FNDA:1,deleteBook
FNDA:0,getByAuthorId
DA:1,4
DA:4,4
DA:5,8
DA:6,8
DA:7,8
DA:8,8
DA:12,4
DA:13,0
DA:14,0
DA:15,0
DA:19,4
DA:20,0
DA:21,0
DA:22,0
DA:25,4
DA:26,1
DA:27,1
DA:28,1
DA:31,4
DA:32,1
DA:33,1
DA:34,1
DA:35,1
DA:38,4
DA:39,0
DA:42,0
DA:43,0
DA:44,0
LF:28
LH:18
BRF:0
BRH:0
end_of_record
TN:
SF:models/likes.js
FN:4,like
FN:11,dislike
FN:18,count
FNF:3
FNH:0
FNDA:0,like
FNDA:0,dislike
FNDA:0,count
DA:1,4
DA:4,4
DA:5,0
DA:6,0
DA:7,0
DA:11,4
DA:12,0
DA:13,0
DA:14,0
DA:18,4
DA:19,0
DA:20,0
DA:21,0
LF:13
LH:4
BRF:0
BRH:0
end_of_record
TN:
SF:models/reviews.js
FN:4,getById
FN:12,getAll
FN:20,add
FN:26,updateBook
FN:32,deleteBook
FN:39,getByBookId
FN:50,getByUserId
FNF:7
FNH:5
FNDA:6,getById
FNDA:0,getAll
FNDA:2,add
FNDA:2,updateBook
FNDA:2,deleteBook
FNDA:2,getByBookId
FNDA:0,getByUserId
DA:1,4
DA:4,4
DA:5,6
DA:6,6
DA:7,6
DA:8,6
DA:12,4
DA:14,0
DA:15,0
DA:16,0
DA:20,4
DA:21,2
DA:22,2
DA:23,2
DA:26,4
DA:27,2
DA:28,2
DA:29,2
DA:32,4
DA:33,2
DA:34,2
DA:35,2
DA:36,2
DA:39,4
DA:40,2
DA:45,2
DA:46,2
DA:47,2
DA:50,4
DA:51,0
DA:60,0
DA:61,0
DA:62,0
LF:33
LH:26
BRF:0
BRH:0
end_of_record
TN:
SF:models/users.js
FN:3,getById
FN:11,getByUsername
FN:17,getAll
FN:24,add
FN:31,delById
FN:40,update
FNF:6
FNH:5
FNDA:4,getById
FNDA:9,getByUsername
FNDA:0,getAll
FNDA:1,add
FNDA:2,delById
FNDA:1,update
DA:1,4
DA:3,4
DA:4,4
DA:5,4
DA:6,4
DA:7,4
DA:11,4
DA:12,9
DA:13,9
DA:14,9
DA:17,4
DA:18,0
DA:19,0
DA:20,0
DA:24,4
DA:25,1
DA:26,1
DA:27,1
DA:31,4
DA:32,2
DA:33,2
DA:34,2
DA:35,2
DA:40,4
DA:41,1
DA:42,1
DA:43,1
DA:44,1
LF:28
LH:25
BRF:0
BRH:0
end_of_record
TN:
SF:permissions/authors.js
FN:16,(anonymous_0)
FN:18,(anonymous_1)
FN:20,(anonymous_2)
FN:22,(anonymous_3)
FN:24,(anonymous_4)
FNF:5
FNH:3
FNDA:0,(anonymous_0)
FNDA:0,(anonymous_1)
FNDA:2,(anonymous_2)
FNDA:2,(anonymous_3)
FNDA:2,(anonymous_4)
DA:1,4
DA:2,4
DA:5,4
DA:9,4
DA:16,4
DA:18,4
DA:20,4
DA:22,4
DA:24,4
LF:9
LH:9
BRF:0
BRH:0
end_of_record
TN:
SF:permissions/books.js
FN:16,(anonymous_0)
FN:18,(anonymous_1)
FN:20,(anonymous_2)
FN:22,(anonymous_3)
FN:24,(anonymous_4)
FNF:5
FNH:2
FNDA:0,(anonymous_0)
FNDA:0,(anonymous_1)
FNDA:0,(anonymous_2)
FNDA:2,(anonymous_3)
FNDA:2,(anonymous_4)
DA:1,4
DA:2,4
DA:5,4
DA:9,4
DA:16,4
DA:18,4
DA:20,4
DA:22,4
DA:24,4
LF:9
LH:9
BRF:0
BRH:0
end_of_record
TN:
SF:permissions/reviews.js
FN:18,(anonymous_0)
FN:19,(anonymous_1)
FN:20,(anonymous_2)
FN:21,(anonymous_3)
FNF:4
FNH:3
FNDA:0,(anonymous_0)
FNDA:3,(anonymous_1)
FNDA:2,(anonymous_2)
FNDA:3,(anonymous_3)
DA:1,4
DA:2,4
DA:5,4
DA:6,4
DA:8,4
DA:9,4
DA:12,4
DA:13,4
DA:14,4
DA:15,4
DA:18,4
DA:19,4
DA:20,4
DA:21,4
LF:14
LH:14
BRF:0
BRH:0
end_of_record
TN:
SF:permissions/users.js
FN:16,(anonymous_0)
FN:18,(anonymous_1)
FN:20,(anonymous_2)
FN:22,(anonymous_3)
FNF:4
FNH:0
FNDA:0,(anonymous_0)
FNDA:0,(anonymous_1)
FNDA:0,(anonymous_2)
FNDA:0,(anonymous_3)
DA:1,4
DA:2,4
DA:4,4
DA:6,4
DA:10,4
DA:11,4
DA:12,4
DA:13,4
DA:14,4
DA:16,4
DA:18,4
DA:20,4
DA:22,4
LF:13
LH:13
BRF:0
BRH:0
end_of_record
TN:
SF:routes/authors.js
FN:19,getAllAuthors
FN:23,(anonymous_1)
FN:36,getAuthorById
FN:50,createAuthor
FN:70,updateAuthor
FN:97,deleteAuthor
FN:123,getAuthorByBookId
FNF:7
FNH:5
FNDA:0,getAllAuthors
FNDA:0,(anonymous_1)
FNDA:3,getAuthorById
FNDA:2,createAuthor
FNDA:2,updateAuthor
FNDA:2,deleteAuthor
FNDA:3,getAuthorByBookId
DA:1,4
DA:2,4
DA:3,4
DA:4,4
DA:5,4
DA:6,4
DA:7,4
DA:9,4
DA:10,4
DA:12,4
DA:13,4
DA:14,4
DA:15,4
DA:16,4
DA:17,4
DA:20,0
DA:21,0
DA:22,0
DA:23,0
DA:24,0
DA:25,0
DA:30,0
DA:32,0
DA:37,3
DA:38,3
DA:39,3
DA:40,2
DA:41,2
DA:46,2
DA:51,2
DA:53,2
DA:54,1
DA:55,1
DA:56,1
DA:59,1
DA:60,1
DA:61,1
DA:62,1
DA:63,1
DA:65,0
DA:66,0
DA:71,2
DA:72,2
DA:73,2
DA:74,0
DA:75,0
DA:76,0
DA:79,2
DA:80,2
DA:81,1
DA:82,1
DA:83,1
DA:86,1
DA:87,1
DA:88,1
DA:89,1
DA:90,1
DA:92,0
DA:93,0
DA:98,2
DA:99,2
DA:100,2
DA:101,0
DA:102,0
DA:103,0
DA:106,2
DA:107,2
DA:108,1
DA:109,1
DA:110,1
DA:113,1
DA:114,1
DA:115,1
DA:116,1
DA:118,0
DA:119,0
DA:124,3
DA:125,3
DA:126,3
DA:127,2
DA:128,2
DA:131,2
DA:133,1
DA:134,1
DA:139,4
LF:85
LH:65
BRDA:20,0,0,0
BRDA:20,1,0,0
BRDA:20,2,0,0
BRDA:20,3,0,0
BRDA:22,4,0,0
BRDA:22,4,1,0
BRDA:39,5,0,2
BRDA:39,5,1,1
BRDA:53,6,0,1
BRDA:53,6,1,1
BRDA:61,7,0,1
BRDA:61,7,1,0
BRDA:73,8,0,0
BRDA:73,8,1,2
BRDA:80,9,0,1
BRDA:80,9,1,1
BRDA:88,10,0,1
BRDA:88,10,1,0
BRDA:100,11,0,0
BRDA:100,11,1,2
BRDA:107,12,0,1
BRDA:107,12,1,1
BRDA:114,13,0,1
BRDA:114,13,1,0
BRDA:126,14,0,2
BRDA:126,14,1,1
BRF:26
BRH:15
end_of_record
TN:
SF:routes/books.js
FN:24,getAll
FN:28,(anonymous_1)
FN:43,getById
FN:58,createBook
FN:78,updateBook
FN:105,deleteBook
FN:132,likesCount
FN:138,likePost
FN:152,dislikePost
FN:165,getBooksByAuthorId
FN:169,(anonymous_10)
FNF:11
FNH:3
FNDA:0,getAll
FNDA:0,(anonymous_1)
FNDA:4,getById
FNDA:0,createBook
FNDA:2,updateBook
FNDA:2,deleteBook
FNDA:0,likesCount
FNDA:0,likePost
FNDA:0,dislikePost
FNDA:0,getBooksByAuthorId
FNDA:0,(anonymous_10)
DA:1,4
DA:2,4
DA:3,4
DA:4,4
DA:5,4
DA:6,4
DA:7,4
DA:8,4
DA:11,4
DA:12,4
DA:14,4
DA:15,4
DA:16,4
DA:17,4
DA:18,4
DA:19,4
DA:20,4
DA:21,4
DA:22,4
DA:25,0
DA:26,0
DA:27,0
DA:28,0
DA:29,0
DA:30,0
DA:36,0
DA:38,0
DA:44,4
DA:45,4
DA:46,4
DA:47,2
DA:48,2
DA:54,2
DA:59,0
DA:61,0
DA:62,0
DA:63,0
DA:64,0
DA:67,0
DA:68,0
DA:69,0
DA:70,0
DA:71,0
DA:73,0
DA:74,0
DA:79,2
DA:80,2
DA:81,2
DA:82,0
DA:83,0
DA:84,0
DA:88,2
DA:89,2
DA:90,1
DA:91,1
DA:92,1
DA:95,1
DA:96,1
DA:97,1
DA:98,1
DA:99,1
DA:101,0
DA:102,0
DA:106,2
DA:107,2
DA:108,2
DA:109,0
DA:110,0
DA:111,0
DA:115,2
DA:116,2
DA:117,1
DA:118,1
DA:119,1
DA:122,1
DA:123,1
DA:124,1
DA:125,1
DA:127,0
DA:128,0
DA:133,0
DA:134,0
DA:135,0
DA:139,0
DA:140,0
DA:142,0
DA:143,0
DA:144,0
DA:145,0
DA:147,0
DA:148,0
DA:149,0
DA:153,0
DA:154,0
DA:156,0
DA:157,0
DA:158,0
DA:159,0
DA:162,0
DA:163,0
DA:166,0
DA:167,0
DA:168,0
DA:169,0
DA:170,0
DA:171,0
DA:175,0
DA:177,0
DA:179,0
DA:180,0
DA:186,4
LF:111
LH:51
BRDA:25,0,0,0
BRDA:25,1,0,0
BRDA:25,2,0,0
BRDA:25,3,0,0
BRDA:27,4,0,0
BRDA:27,4,1,0
BRDA:46,5,0,2
BRDA:46,5,1,2
BRDA:61,6,0,0
BRDA:61,6,1,0
BRDA:69,7,0,0
BRDA:69,7,1,0
BRDA:81,8,0,0
BRDA:81,8,1,2
BRDA:89,9,0,1
BRDA:89,9,1,1
BRDA:97,10,0,1
BRDA:97,10,1,0
BRDA:108,11,0,0
BRDA:108,11,1,2
BRDA:116,12,0,1
BRDA:116,12,1,1
BRDA:123,13,0,1
BRDA:123,13,1,0
BRDA:135,14,0,0
BRDA:135,14,1,0
BRDA:142,15,0,0
BRDA:142,15,1,0
BRDA:149,16,0,0
BRDA:149,16,1,0
BRDA:156,17,0,0
BRDA:156,17,1,0
BRDA:163,18,0,0
BRDA:163,18,1,0
BRDA:168,19,0,0
BRDA:168,19,1,0
BRF:36
BRH:10
end_of_record
TN:
SF:routes/reviews.js
FN:21,getAll
FN:24,(anonymous_1)
FN:34,getById
FN:49,createReview
FN:86,updateReview
FN:118,deleteReview
FN:148,getByBookId
FN:153,(anonymous_7)
FN:166,getByUserId
FN:171,(anonymous_9)
FNF:10
FNH:5
FNDA:0,getAll
FNDA:0,(anonymous_1)
FNDA:0,getById
FNDA:2,createReview
FNDA:3,updateReview
FNDA:3,deleteReview
FNDA:2,getByBookId
FNDA:2,(anonymous_7)
FNDA:0,getByUserId
FNDA:0,(anonymous_9)
DA:1,4
DA:2,4
DA:3,4
DA:4,4
DA:5,4
DA:6,4
DA:7,4
DA:10,4
DA:12,4
DA:13,4
DA:14,4
DA:15,4
DA:16,4
DA:18,4
DA:19,4
DA:22,0
DA:23,0
DA:24,0
DA:35,0
DA:36,0
DA:37,0
DA:38,0
DA:50,2
DA:51,2
DA:53,2
DA:55,2
DA:56,0
DA:57,0
DA:58,0
DA:61,2
DA:62,2
DA:69,2
DA:70,2
DA:71,2
DA:72,2
DA:81,0
DA:82,0
DA:87,3
DA:88,3
DA:89,3
DA:90,0
DA:91,0
DA:92,0
DA:94,3
DA:95,3
DA:96,3
DA:97,1
DA:98,1
DA:99,1
DA:102,2
DA:103,2
DA:104,2
DA:105,2
DA:106,2
DA:114,0
DA:115,0
DA:119,3
DA:120,3
DA:121,3
DA:122,0
DA:123,0
DA:124,0
DA:126,3
DA:127,3
DA:128,1
DA:129,1
DA:130,1
DA:133,2
DA:134,2
DA:135,2
DA:136,2
DA:143,0
DA:144,0
DA:149,2
DA:150,2
DA:151,2
DA:152,2
DA:153,2
DA:161,0
DA:162,0
DA:167,0
DA:168,0
DA:169,0
DA:170,0
DA:171,0
DA:180,0
DA:181,0
DA:186,4
LF:88
LH:57
BRDA:23,0,0,0
BRDA:23,0,1,0
BRDA:37,1,0,0
BRDA:37,1,1,0
BRDA:55,2,0,0
BRDA:55,2,1,2
BRDA:70,3,0,2
BRDA:70,3,1,0
BRDA:89,4,0,0
BRDA:89,4,1,3
BRDA:96,5,0,1
BRDA:96,5,1,2
BRDA:104,6,0,2
BRDA:104,6,1,0
BRDA:121,7,0,0
BRDA:121,7,1,3
BRDA:127,8,0,1
BRDA:127,8,1,2
BRDA:134,9,0,2
BRDA:134,9,1,0
BRDA:152,10,0,2
BRDA:152,10,1,0
BRDA:152,11,0,2
BRDA:152,11,1,2
BRDA:170,12,0,0
BRDA:170,12,1,0
BRDA:170,13,0,0
BRDA:170,13,1,0
BRF:28
BRH:13
end_of_record
TN:
SF:routes/special.js
FN:10,publicAPI
FN:14,privateAPI
FNF:2
FNH:0
FNDA:0,publicAPI
FNDA:0,privateAPI
DA:1,4
DA:2,4
DA:3,4
DA:5,4
DA:7,4
DA:8,4
DA:11,0
DA:15,0
DA:16,0
DA:19,4
LF:10
LH:7
BRF:0
BRH:0
end_of_record
TN:
SF:routes/users.js
FN:20,getAll
FN:27,(anonymous_1)
FN:41,getById
FN:50,createUser
FN:62,updateUser
FN:85,deleteUser
FN:105,login
FNF:7
FNH:5
FNDA:0,getAll
FNDA:0,(anonymous_1)
FNDA:2,getById
FNDA:1,createUser
FNDA:2,updateUser
FNDA:2,deleteUser
FNDA:9,login
DA:1,4
DA:2,4
DA:3,4
DA:4,4
DA:5,4
DA:6,4
DA:7,4
DA:8,4
DA:10,4
DA:11,4
DA:13,4
DA:14,4
DA:15,4
DA:16,4
DA:17,4
DA:18,4
DA:21,0
DA:22,0
DA:23,0
DA:25,0
DA:26,0
DA:27,0
DA:42,2
DA:43,2
DA:44,2
DA:45,1
DA:46,1
DA:51,1
DA:52,1
DA:53,1
DA:54,1
DA:55,1
DA:56,1
DA:57,1
DA:58,1
DA:63,2
DA:64,2
DA:65,2
DA:66,1
DA:67,1
DA:68,1
DA:69,1
DA:70,1
DA:71,1
DA:86,2
DA:87,2
DA:88,2
DA:89,1
DA:90,1
DA:92,1
DA:93,1
DA:106,9
DA:109,9
DA:110,9
DA:111,9
DA:114,9
DA:116,8
DA:119,8
DA:128,8
DA:129,8
DA:143,1
DA:144,1
DA:148,0
DA:149,0
DA:153,4
LF:65
LH:57
BRDA:22,0,0,0
BRDA:22,0,1,0
BRDA:26,1,0,0
BRDA:26,1,1,0
BRDA:44,2,0,1
BRDA:44,2,1,1
BRDA:55,3,0,1
BRDA:55,3,1,0
BRDA:65,4,0,1
BRDA:65,4,1,1
BRDA:70,5,0,1
BRDA:70,5,1,0
BRDA:88,6,0,1
BRDA:88,6,1,1
BRDA:110,7,0,9
BRDA:110,7,1,0
BRDA:114,8,0,8
BRDA:114,8,1,1
BRF:18
BRH:11
end_of_record
TN:
SF:schemas/author.schema.js
FNF:0
FNH:0
DA:1,4
LF:1
LH:1
BRF:0
BRH:0
end_of_record
TN:
SF:schemas/book.schema.js
FNF:0
FNH:0
DA:1,4
LF:1
LH:1
BRF:0
BRH:0
end_of_record
TN:
SF:schemas/review.schema.js
FNF:0
FNH:0
DA:1,4
LF:1
LH:1
BRF:0
BRH:0
end_of_record
TN:
SF:schemas/user.schema.js
FNF:0
FNH:0
DA:1,4
LF:1
LH:1
BRF:0
BRH:0
end_of_record
TN:
SF:strategies/basic.js
FN:5,(anonymous_0)
FN:8,(anonymous_1)
FNF:2
FNH:0
FNDA:0,(anonymous_0)
FNDA:0,(anonymous_1)
DA:1,4
DA:2,4
DA:3,4
DA:5,4
DA:6,0
DA:8,4
DA:13,0
DA:14,0
DA:16,0
DA:17,0
DA:20,0
DA:21,0
DA:22,0
DA:23,0
DA:24,0
DA:26,0
DA:29,0
DA:31,0
DA:34,4
DA:35,4
LF:20
LH:7
BRDA:20,0,0,0
BRDA:20,0,1,0
BRDA:22,1,0,0
BRDA:22,1,1,0
BRF:4
BRH:0
end_of_record
TN:
SF:strategies/jwt.js
FN:5,(anonymous_0)
FN:15,(anonymous_1)
FNF:2
FNH:2
FNDA:8,(anonymous_0)
FNDA:26,(anonymous_1)
DA:1,4
DA:2,4
DA:5,4
DA:6,8
DA:11,8
DA:15,4
DA:16,26
DA:17,26
DA:18,25
DA:19,25
DA:20,24
DA:21,24
DA:22,24
DA:24,1
DA:25,1
DA:26,1
DA:29,1
DA:30,1
LF:18
LH:18
BRDA:17,0,0,25
BRDA:17,0,1,1
BRF:2
BRH:2
end_of_record
